{"C:\\projects\\secval\\tests\\anyTest.js":{"path":"C:\\projects\\secval\\tests\\anyTest.js","statementMap":{"0":{"start":{"line":1,"column":13},"end":{"line":1,"column":28}},"1":{"start":{"line":2,"column":17},"end":{"line":2,"column":39}},"2":{"start":{"line":4,"column":0},"end":{"line":119,"column":3}},"3":{"start":{"line":6,"column":1},"end":{"line":17,"column":4}},"4":{"start":{"line":7,"column":15},"end":{"line":7,"column":20}},"5":{"start":{"line":8,"column":12},"end":{"line":10,"column":3}},"6":{"start":{"line":11,"column":2},"end":{"line":15,"column":3}},"7":{"start":{"line":12,"column":3},"end":{"line":12,"column":49}},"8":{"start":{"line":14,"column":3},"end":{"line":14,"column":17}},"9":{"start":{"line":16,"column":2},"end":{"line":16,"column":33}},"10":{"start":{"line":19,"column":1},"end":{"line":30,"column":4}},"11":{"start":{"line":20,"column":15},"end":{"line":20,"column":20}},"12":{"start":{"line":21,"column":12},"end":{"line":23,"column":3}},"13":{"start":{"line":24,"column":2},"end":{"line":28,"column":3}},"14":{"start":{"line":25,"column":3},"end":{"line":25,"column":68}},"15":{"start":{"line":27,"column":3},"end":{"line":27,"column":17}},"16":{"start":{"line":29,"column":2},"end":{"line":29,"column":33}},"17":{"start":{"line":32,"column":1},"end":{"line":40,"column":4}},"18":{"start":{"line":33,"column":15},"end":{"line":33,"column":20}},"19":{"start":{"line":34,"column":2},"end":{"line":38,"column":3}},"20":{"start":{"line":35,"column":3},"end":{"line":35,"column":64}},"21":{"start":{"line":37,"column":3},"end":{"line":37,"column":17}},"22":{"start":{"line":39,"column":2},"end":{"line":39,"column":33}},"23":{"start":{"line":42,"column":1},"end":{"line":50,"column":4}},"24":{"start":{"line":43,"column":15},"end":{"line":43,"column":20}},"25":{"start":{"line":44,"column":2},"end":{"line":48,"column":3}},"26":{"start":{"line":45,"column":3},"end":{"line":45,"column":59}},"27":{"start":{"line":47,"column":3},"end":{"line":47,"column":17}},"28":{"start":{"line":49,"column":2},"end":{"line":49,"column":33}},"29":{"start":{"line":52,"column":1},"end":{"line":60,"column":4}},"30":{"start":{"line":53,"column":15},"end":{"line":53,"column":20}},"31":{"start":{"line":54,"column":2},"end":{"line":58,"column":3}},"32":{"start":{"line":55,"column":3},"end":{"line":55,"column":46}},"33":{"start":{"line":57,"column":3},"end":{"line":57,"column":17}},"34":{"start":{"line":59,"column":2},"end":{"line":59,"column":33}},"35":{"start":{"line":62,"column":1},"end":{"line":64,"column":4}},"36":{"start":{"line":63,"column":2},"end":{"line":63,"column":59}},"37":{"start":{"line":66,"column":1},"end":{"line":74,"column":4}},"38":{"start":{"line":67,"column":15},"end":{"line":67,"column":20}},"39":{"start":{"line":68,"column":2},"end":{"line":72,"column":3}},"40":{"start":{"line":69,"column":3},"end":{"line":69,"column":68}},"41":{"start":{"line":71,"column":3},"end":{"line":71,"column":17}},"42":{"start":{"line":73,"column":2},"end":{"line":73,"column":33}},"43":{"start":{"line":76,"column":1},"end":{"line":94,"column":4}},"44":{"start":{"line":77,"column":15},"end":{"line":77,"column":20}},"45":{"start":{"line":78,"column":2},"end":{"line":82,"column":3}},"46":{"start":{"line":79,"column":3},"end":{"line":79,"column":57}},"47":{"start":{"line":81,"column":3},"end":{"line":81,"column":17}},"48":{"start":{"line":83,"column":2},"end":{"line":83,"column":33}},"49":{"start":{"line":85,"column":2},"end":{"line":85,"column":17}},"50":{"start":{"line":87,"column":2},"end":{"line":87,"column":17}},"51":{"start":{"line":88,"column":2},"end":{"line":92,"column":3}},"52":{"start":{"line":89,"column":3},"end":{"line":89,"column":57}},"53":{"start":{"line":91,"column":3},"end":{"line":91,"column":17}},"54":{"start":{"line":93,"column":2},"end":{"line":93,"column":33}},"55":{"start":{"line":96,"column":1},"end":{"line":101,"column":4}},"56":{"start":{"line":97,"column":23},"end":{"line":98,"column":46}},"57":{"start":{"line":100,"column":2},"end":{"line":100,"column":53}},"58":{"start":{"line":103,"column":1},"end":{"line":108,"column":4}},"59":{"start":{"line":104,"column":23},"end":{"line":105,"column":42}},"60":{"start":{"line":107,"column":2},"end":{"line":107,"column":53}},"61":{"start":{"line":110,"column":1},"end":{"line":117,"column":4}},"62":{"start":{"line":111,"column":12},"end":{"line":111,"column":14}},"63":{"start":{"line":112,"column":23},"end":{"line":114,"column":32}},"64":{"start":{"line":116,"column":2},"end":{"line":116,"column":34}}},"fnMap":{"0":{"name":"(anonymous_0)","decl":{"start":{"line":4,"column":38},"end":{"line":4,"column":39}},"loc":{"start":{"line":4,"column":44},"end":{"line":119,"column":1}},"line":4},"1":{"name":"(anonymous_1)","decl":{"start":{"line":6,"column":41},"end":{"line":6,"column":42}},"loc":{"start":{"line":6,"column":47},"end":{"line":17,"column":2}},"line":6},"2":{"name":"(anonymous_2)","decl":{"start":{"line":19,"column":45},"end":{"line":19,"column":46}},"loc":{"start":{"line":19,"column":51},"end":{"line":30,"column":2}},"line":19},"3":{"name":"(anonymous_3)","decl":{"start":{"line":32,"column":45},"end":{"line":32,"column":46}},"loc":{"start":{"line":32,"column":51},"end":{"line":40,"column":2}},"line":32},"4":{"name":"(anonymous_4)","decl":{"start":{"line":42,"column":57},"end":{"line":42,"column":58}},"loc":{"start":{"line":42,"column":63},"end":{"line":50,"column":2}},"line":42},"5":{"name":"(anonymous_5)","decl":{"start":{"line":52,"column":56},"end":{"line":52,"column":57}},"loc":{"start":{"line":52,"column":62},"end":{"line":60,"column":2}},"line":52},"6":{"name":"(anonymous_6)","decl":{"start":{"line":62,"column":26},"end":{"line":62,"column":27}},"loc":{"start":{"line":62,"column":32},"end":{"line":64,"column":2}},"line":62},"7":{"name":"(anonymous_7)","decl":{"start":{"line":66,"column":43},"end":{"line":66,"column":44}},"loc":{"start":{"line":66,"column":49},"end":{"line":74,"column":2}},"line":66},"8":{"name":"(anonymous_8)","decl":{"start":{"line":76,"column":55},"end":{"line":76,"column":56}},"loc":{"start":{"line":76,"column":61},"end":{"line":94,"column":2}},"line":76},"9":{"name":"(anonymous_9)","decl":{"start":{"line":96,"column":20},"end":{"line":96,"column":21}},"loc":{"start":{"line":96,"column":26},"end":{"line":101,"column":2}},"line":96},"10":{"name":"(anonymous_10)","decl":{"start":{"line":103,"column":35},"end":{"line":103,"column":36}},"loc":{"start":{"line":103,"column":41},"end":{"line":108,"column":2}},"line":103},"11":{"name":"(anonymous_11)","decl":{"start":{"line":110,"column":32},"end":{"line":110,"column":33}},"loc":{"start":{"line":110,"column":38},"end":{"line":117,"column":2}},"line":110}},"branchMap":{},"s":{"0":1,"1":1,"2":1,"3":1,"4":1,"5":1,"6":1,"7":1,"8":1,"9":1,"10":1,"11":1,"12":1,"13":1,"14":1,"15":1,"16":1,"17":1,"18":1,"19":1,"20":1,"21":1,"22":1,"23":1,"24":1,"25":1,"26":1,"27":1,"28":1,"29":1,"30":1,"31":1,"32":1,"33":1,"34":1,"35":1,"36":1,"37":1,"38":1,"39":1,"40":1,"41":1,"42":1,"43":1,"44":1,"45":1,"46":1,"47":1,"48":1,"49":1,"50":1,"51":1,"52":1,"53":1,"54":1,"55":1,"56":1,"57":1,"58":1,"59":1,"60":1,"61":1,"62":1,"63":1,"64":1},"f":{"0":1,"1":1,"2":1,"3":1,"4":1,"5":1,"6":1,"7":1,"8":1,"9":1,"10":1,"11":1},"b":{},"_coverageSchema":"43e27e138ebf9cfc5966b082cf9a028302ed4184","hash":"c6701aa666b3c7659895339f6ed5bd9287fd17a3","contentHash":"b9e31889abfa409fd1ba10e79d6cf4d2"},"C:\\projects\\secval\\index.js":{"path":"C:\\projects\\secval\\index.js","statementMap":{"0":{"start":{"line":1,"column":15},"end":{"line":1,"column":32}},"1":{"start":{"line":2,"column":23},"end":{"line":2,"column":49}},"2":{"start":{"line":4,"column":17},"end":{"line":9,"column":1}},"3":{"start":{"line":5,"column":4},"end":{"line":7,"column":5}},"4":{"start":{"line":6,"column":8},"end":{"line":6,"column":26}},"5":{"start":{"line":8,"column":4},"end":{"line":8,"column":18}},"6":{"start":{"line":11,"column":20},"end":{"line":13,"column":1}},"7":{"start":{"line":15,"column":12},"end":{"line":17,"column":1}},"8":{"start":{"line":16,"column":4},"end":{"line":16,"column":41}},"9":{"start":{"line":19,"column":18},"end":{"line":25,"column":1}},"10":{"start":{"line":20,"column":14},"end":{"line":20,"column":16}},"11":{"start":{"line":21,"column":4},"end":{"line":23,"column":5}},"12":{"start":{"line":22,"column":8},"end":{"line":22,"column":25}},"13":{"start":{"line":24,"column":4},"end":{"line":24,"column":15}},"14":{"start":{"line":27,"column":23},"end":{"line":77,"column":1}},"15":{"start":{"line":29,"column":8},"end":{"line":35,"column":9}},"16":{"start":{"line":30,"column":12},"end":{"line":34,"column":13}},"17":{"start":{"line":31,"column":16},"end":{"line":31,"column":34}},"18":{"start":{"line":33,"column":16},"end":{"line":33,"column":27}},"19":{"start":{"line":36,"column":8},"end":{"line":36,"column":19}},"20":{"start":{"line":39,"column":8},"end":{"line":41,"column":9}},"21":{"start":{"line":40,"column":12},"end":{"line":40,"column":36}},"22":{"start":{"line":42,"column":8},"end":{"line":44,"column":9}},"23":{"start":{"line":43,"column":12},"end":{"line":43,"column":36}},"24":{"start":{"line":45,"column":8},"end":{"line":45,"column":19}},"25":{"start":{"line":48,"column":8},"end":{"line":48,"column":35}},"26":{"start":{"line":51,"column":8},"end":{"line":51,"column":35}},"27":{"start":{"line":54,"column":8},"end":{"line":54,"column":35}},"28":{"start":{"line":57,"column":8},"end":{"line":57,"column":35}},"29":{"start":{"line":60,"column":8},"end":{"line":68,"column":9}},"30":{"start":{"line":61,"column":27},"end":{"line":61,"column":38}},"31":{"start":{"line":62,"column":32},"end":{"line":62,"column":49}},"32":{"start":{"line":63,"column":12},"end":{"line":65,"column":13}},"33":{"start":{"line":64,"column":16},"end":{"line":64,"column":29}},"34":{"start":{"line":66,"column":24},"end":{"line":66,"column":51}},"35":{"start":{"line":67,"column":12},"end":{"line":67,"column":37}},"36":{"start":{"line":69,"column":8},"end":{"line":71,"column":9}},"37":{"start":{"line":70,"column":12},"end":{"line":70,"column":41}},"38":{"start":{"line":72,"column":8},"end":{"line":74,"column":9}},"39":{"start":{"line":73,"column":12},"end":{"line":73,"column":41}},"40":{"start":{"line":75,"column":8},"end":{"line":75,"column":19}},"41":{"start":{"line":79,"column":19},"end":{"line":343,"column":1}},"42":{"start":{"line":81,"column":8},"end":{"line":83,"column":9}},"43":{"start":{"line":82,"column":12},"end":{"line":82,"column":114}},"44":{"start":{"line":84,"column":8},"end":{"line":86,"column":9}},"45":{"start":{"line":85,"column":12},"end":{"line":85,"column":94}},"46":{"start":{"line":87,"column":8},"end":{"line":87,"column":36}},"47":{"start":{"line":88,"column":8},"end":{"line":90,"column":9}},"48":{"start":{"line":89,"column":12},"end":{"line":89,"column":103}},"49":{"start":{"line":91,"column":8},"end":{"line":93,"column":9}},"50":{"start":{"line":92,"column":12},"end":{"line":92,"column":113}},"51":{"start":{"line":94,"column":8},"end":{"line":96,"column":9}},"52":{"start":{"line":95,"column":12},"end":{"line":95,"column":110}},"53":{"start":{"line":97,"column":8},"end":{"line":97,"column":31}},"54":{"start":{"line":100,"column":8},"end":{"line":102,"column":9}},"55":{"start":{"line":101,"column":12},"end":{"line":101,"column":114}},"56":{"start":{"line":103,"column":8},"end":{"line":105,"column":9}},"57":{"start":{"line":104,"column":12},"end":{"line":104,"column":96}},"58":{"start":{"line":106,"column":8},"end":{"line":106,"column":38}},"59":{"start":{"line":107,"column":8},"end":{"line":109,"column":9}},"60":{"start":{"line":108,"column":12},"end":{"line":108,"column":113}},"61":{"start":{"line":110,"column":8},"end":{"line":112,"column":9}},"62":{"start":{"line":111,"column":12},"end":{"line":111,"column":110}},"63":{"start":{"line":113,"column":8},"end":{"line":113,"column":31}},"64":{"start":{"line":116,"column":8},"end":{"line":118,"column":9}},"65":{"start":{"line":117,"column":12},"end":{"line":117,"column":83}},"66":{"start":{"line":119,"column":18},"end":{"line":119,"column":36}},"67":{"start":{"line":120,"column":8},"end":{"line":122,"column":9}},"68":{"start":{"line":121,"column":12},"end":{"line":121,"column":29}},"69":{"start":{"line":123,"column":8},"end":{"line":125,"column":9}},"70":{"start":{"line":124,"column":12},"end":{"line":124,"column":133}},"71":{"start":{"line":126,"column":8},"end":{"line":128,"column":9}},"72":{"start":{"line":127,"column":12},"end":{"line":127,"column":130}},"73":{"start":{"line":129,"column":8},"end":{"line":131,"column":9}},"74":{"start":{"line":130,"column":12},"end":{"line":130,"column":121}},"75":{"start":{"line":132,"column":8},"end":{"line":134,"column":9}},"76":{"start":{"line":133,"column":12},"end":{"line":133,"column":78}},"77":{"start":{"line":135,"column":8},"end":{"line":137,"column":9}},"78":{"start":{"line":136,"column":12},"end":{"line":136,"column":78}},"79":{"start":{"line":138,"column":8},"end":{"line":138,"column":27}},"80":{"start":{"line":141,"column":16},"end":{"line":141,"column":31}},"81":{"start":{"line":142,"column":8},"end":{"line":144,"column":9}},"82":{"start":{"line":143,"column":12},"end":{"line":143,"column":119}},"83":{"start":{"line":145,"column":8},"end":{"line":155,"column":9}},"84":{"start":{"line":147,"column":12},"end":{"line":147,"column":35}},"85":{"start":{"line":148,"column":12},"end":{"line":148,"column":18}},"86":{"start":{"line":150,"column":24},"end":{"line":150,"column":48}},"87":{"start":{"line":151,"column":12},"end":{"line":153,"column":13}},"88":{"start":{"line":152,"column":16},"end":{"line":152,"column":65}},"89":{"start":{"line":154,"column":12},"end":{"line":154,"column":18}},"90":{"start":{"line":156,"column":8},"end":{"line":156,"column":115}},"91":{"start":{"line":159,"column":8},"end":{"line":161,"column":9}},"92":{"start":{"line":160,"column":12},"end":{"line":160,"column":108}},"93":{"start":{"line":162,"column":20},"end":{"line":162,"column":40}},"94":{"start":{"line":163,"column":8},"end":{"line":165,"column":9}},"95":{"start":{"line":164,"column":12},"end":{"line":164,"column":35}},"96":{"start":{"line":166,"column":8},"end":{"line":166,"column":90}},"97":{"start":{"line":169,"column":8},"end":{"line":171,"column":9}},"98":{"start":{"line":170,"column":12},"end":{"line":170,"column":114}},"99":{"start":{"line":172,"column":25},"end":{"line":172,"column":45}},"100":{"start":{"line":173,"column":8},"end":{"line":175,"column":9}},"101":{"start":{"line":174,"column":12},"end":{"line":174,"column":31}},"102":{"start":{"line":176,"column":8},"end":{"line":178,"column":9}},"103":{"start":{"line":177,"column":12},"end":{"line":177,"column":31}},"104":{"start":{"line":179,"column":8},"end":{"line":179,"column":113}},"105":{"start":{"line":182,"column":8},"end":{"line":184,"column":9}},"106":{"start":{"line":183,"column":12},"end":{"line":183,"column":105}},"107":{"start":{"line":185,"column":20},"end":{"line":185,"column":38}},"108":{"start":{"line":186,"column":8},"end":{"line":188,"column":9}},"109":{"start":{"line":187,"column":12},"end":{"line":187,"column":33}},"110":{"start":{"line":189,"column":8},"end":{"line":189,"column":127}},"111":{"start":{"line":192,"column":8},"end":{"line":192,"column":31}},"112":{"start":{"line":195,"column":20},"end":{"line":195,"column":42}},"113":{"start":{"line":196,"column":8},"end":{"line":198,"column":9}},"114":{"start":{"line":197,"column":12},"end":{"line":197,"column":74}},"115":{"start":{"line":200,"column":8},"end":{"line":208,"column":9}},"116":{"start":{"line":201,"column":12},"end":{"line":201,"column":26}},"117":{"start":{"line":203,"column":12},"end":{"line":207,"column":13}},"118":{"start":{"line":204,"column":16},"end":{"line":204,"column":42}},"119":{"start":{"line":206,"column":16},"end":{"line":206,"column":106}},"120":{"start":{"line":209,"column":8},"end":{"line":211,"column":9}},"121":{"start":{"line":210,"column":12},"end":{"line":210,"column":127}},"122":{"start":{"line":212,"column":8},"end":{"line":214,"column":9}},"123":{"start":{"line":213,"column":12},"end":{"line":213,"column":126}},"124":{"start":{"line":215,"column":8},"end":{"line":217,"column":9}},"125":{"start":{"line":216,"column":12},"end":{"line":216,"column":130}},"126":{"start":{"line":218,"column":8},"end":{"line":218,"column":27}},"127":{"start":{"line":221,"column":25},"end":{"line":221,"column":45}},"128":{"start":{"line":222,"column":8},"end":{"line":224,"column":9}},"129":{"start":{"line":223,"column":12},"end":{"line":223,"column":31}},"130":{"start":{"line":226,"column":8},"end":{"line":236,"column":9}},"131":{"start":{"line":227,"column":12},"end":{"line":227,"column":24}},"132":{"start":{"line":228,"column":15},"end":{"line":236,"column":9}},"133":{"start":{"line":229,"column":12},"end":{"line":229,"column":24}},"134":{"start":{"line":230,"column":15},"end":{"line":236,"column":9}},"135":{"start":{"line":231,"column":12},"end":{"line":231,"column":24}},"136":{"start":{"line":232,"column":15},"end":{"line":236,"column":9}},"137":{"start":{"line":233,"column":12},"end":{"line":233,"column":24}},"138":{"start":{"line":235,"column":12},"end":{"line":235,"column":33}},"139":{"start":{"line":237,"column":18},"end":{"line":237,"column":120}},"140":{"start":{"line":238,"column":8},"end":{"line":240,"column":9}},"141":{"start":{"line":239,"column":12},"end":{"line":239,"column":31}},"142":{"start":{"line":241,"column":8},"end":{"line":241,"column":139}},"143":{"start":{"line":244,"column":30},"end":{"line":244,"column":84}},"144":{"start":{"line":245,"column":8},"end":{"line":247,"column":9}},"145":{"start":{"line":246,"column":12},"end":{"line":246,"column":82}},"146":{"start":{"line":249,"column":18},"end":{"line":249,"column":46}},"147":{"start":{"line":250,"column":8},"end":{"line":255,"column":9}},"148":{"start":{"line":251,"column":25},"end":{"line":251,"column":52}},"149":{"start":{"line":252,"column":12},"end":{"line":254,"column":13}},"150":{"start":{"line":253,"column":16},"end":{"line":253,"column":124}},"151":{"start":{"line":256,"column":8},"end":{"line":261,"column":9}},"152":{"start":{"line":257,"column":25},"end":{"line":257,"column":52}},"153":{"start":{"line":258,"column":12},"end":{"line":260,"column":13}},"154":{"start":{"line":259,"column":16},"end":{"line":259,"column":125}},"155":{"start":{"line":262,"column":8},"end":{"line":264,"column":9}},"156":{"start":{"line":263,"column":12},"end":{"line":263,"column":38}},"157":{"start":{"line":265,"column":8},"end":{"line":265,"column":25}},"158":{"start":{"line":268,"column":25},"end":{"line":268,"column":45}},"159":{"start":{"line":269,"column":8},"end":{"line":271,"column":9}},"160":{"start":{"line":270,"column":12},"end":{"line":270,"column":31}},"161":{"start":{"line":272,"column":8},"end":{"line":274,"column":9}},"162":{"start":{"line":273,"column":12},"end":{"line":273,"column":31}},"163":{"start":{"line":275,"column":8},"end":{"line":275,"column":76}},"164":{"start":{"line":278,"column":25},"end":{"line":278,"column":45}},"165":{"start":{"line":279,"column":8},"end":{"line":281,"column":9}},"166":{"start":{"line":280,"column":12},"end":{"line":280,"column":31}},"167":{"start":{"line":282,"column":22},"end":{"line":282,"column":27}},"168":{"start":{"line":283,"column":8},"end":{"line":285,"column":9}},"169":{"start":{"line":284,"column":12},"end":{"line":284,"column":29}},"170":{"start":{"line":286,"column":8},"end":{"line":288,"column":9}},"171":{"start":{"line":287,"column":12},"end":{"line":287,"column":29}},"172":{"start":{"line":289,"column":8},"end":{"line":310,"column":9}},"173":{"start":{"line":291,"column":12},"end":{"line":293,"column":13}},"174":{"start":{"line":292,"column":16},"end":{"line":292,"column":94}},"175":{"start":{"line":294,"column":12},"end":{"line":294,"column":18}},"176":{"start":{"line":296,"column":12},"end":{"line":298,"column":13}},"177":{"start":{"line":297,"column":16},"end":{"line":297,"column":131}},"178":{"start":{"line":299,"column":12},"end":{"line":299,"column":18}},"179":{"start":{"line":301,"column":12},"end":{"line":303,"column":13}},"180":{"start":{"line":302,"column":16},"end":{"line":302,"column":118}},"181":{"start":{"line":304,"column":12},"end":{"line":304,"column":18}},"182":{"start":{"line":306,"column":12},"end":{"line":308,"column":13}},"183":{"start":{"line":307,"column":16},"end":{"line":307,"column":154}},"184":{"start":{"line":309,"column":12},"end":{"line":309,"column":18}},"185":{"start":{"line":311,"column":8},"end":{"line":311,"column":27}},"186":{"start":{"line":314,"column":19},"end":{"line":314,"column":34}},"187":{"start":{"line":315,"column":8},"end":{"line":317,"column":9}},"188":{"start":{"line":316,"column":12},"end":{"line":316,"column":100}},"189":{"start":{"line":318,"column":23},"end":{"line":318,"column":34}},"190":{"start":{"line":320,"column":8},"end":{"line":326,"column":9}},"191":{"start":{"line":321,"column":12},"end":{"line":321,"column":23}},"192":{"start":{"line":322,"column":15},"end":{"line":326,"column":9}},"193":{"start":{"line":323,"column":12},"end":{"line":323,"column":23}},"194":{"start":{"line":325,"column":12},"end":{"line":325,"column":25}},"195":{"start":{"line":327,"column":28},"end":{"line":327,"column":58}},"196":{"start":{"line":328,"column":8},"end":{"line":330,"column":9}},"197":{"start":{"line":329,"column":12},"end":{"line":329,"column":23}},"198":{"start":{"line":331,"column":8},"end":{"line":334,"column":9}},"199":{"start":{"line":332,"column":12},"end":{"line":332,"column":39}},"200":{"start":{"line":333,"column":12},"end":{"line":333,"column":57}},"201":{"start":{"line":335,"column":8},"end":{"line":337,"column":9}},"202":{"start":{"line":336,"column":12},"end":{"line":336,"column":165}},"203":{"start":{"line":338,"column":8},"end":{"line":340,"column":9}},"204":{"start":{"line":339,"column":12},"end":{"line":339,"column":167}},"205":{"start":{"line":341,"column":8},"end":{"line":341,"column":31}},"206":{"start":{"line":345,"column":16},"end":{"line":506,"column":1}},"207":{"start":{"line":346,"column":15},"end":{"line":346,"column":19}},"208":{"start":{"line":348,"column":4},"end":{"line":348,"column":21}},"209":{"start":{"line":349,"column":4},"end":{"line":349,"column":20}},"210":{"start":{"line":350,"column":4},"end":{"line":350,"column":21}},"211":{"start":{"line":351,"column":4},"end":{"line":355,"column":5}},"212":{"start":{"line":352,"column":8},"end":{"line":352,"column":23}},"213":{"start":{"line":354,"column":8},"end":{"line":354,"column":25}},"214":{"start":{"line":357,"column":4},"end":{"line":359,"column":6}},"215":{"start":{"line":358,"column":8},"end":{"line":358,"column":25}},"216":{"start":{"line":361,"column":4},"end":{"line":361,"column":33}},"217":{"start":{"line":363,"column":4},"end":{"line":363,"column":45}},"218":{"start":{"line":365,"column":4},"end":{"line":365,"column":19}},"219":{"start":{"line":366,"column":4},"end":{"line":366,"column":23}},"220":{"start":{"line":367,"column":4},"end":{"line":367,"column":22}},"221":{"start":{"line":368,"column":4},"end":{"line":368,"column":22}},"222":{"start":{"line":370,"column":4},"end":{"line":373,"column":6}},"223":{"start":{"line":371,"column":8},"end":{"line":371,"column":32}},"224":{"start":{"line":372,"column":8},"end":{"line":372,"column":20}},"225":{"start":{"line":375,"column":4},"end":{"line":386,"column":5}},"226":{"start":{"line":376,"column":8},"end":{"line":378,"column":9}},"227":{"start":{"line":377,"column":12},"end":{"line":377,"column":136}},"228":{"start":{"line":379,"column":8},"end":{"line":381,"column":9}},"229":{"start":{"line":380,"column":12},"end":{"line":380,"column":78}},"230":{"start":{"line":383,"column":20},"end":{"line":383,"column":64}},"231":{"start":{"line":384,"column":8},"end":{"line":384,"column":30}},"232":{"start":{"line":385,"column":8},"end":{"line":385,"column":19}},"233":{"start":{"line":388,"column":4},"end":{"line":395,"column":5}},"234":{"start":{"line":389,"column":8},"end":{"line":391,"column":9}},"235":{"start":{"line":390,"column":12},"end":{"line":390,"column":81}},"236":{"start":{"line":392,"column":20},"end":{"line":392,"column":51}},"237":{"start":{"line":393,"column":8},"end":{"line":393,"column":30}},"238":{"start":{"line":394,"column":8},"end":{"line":394,"column":19}},"239":{"start":{"line":397,"column":4},"end":{"line":407,"column":5}},"240":{"start":{"line":398,"column":24},"end":{"line":398,"column":40}},"241":{"start":{"line":399,"column":8},"end":{"line":406,"column":9}},"242":{"start":{"line":401,"column":12},"end":{"line":401,"column":52}},"243":{"start":{"line":403,"column":12},"end":{"line":403,"column":52}},"244":{"start":{"line":405,"column":12},"end":{"line":405,"column":115}},"245":{"start":{"line":409,"column":4},"end":{"line":412,"column":5}},"246":{"start":{"line":410,"column":8},"end":{"line":410,"column":27}},"247":{"start":{"line":411,"column":8},"end":{"line":411,"column":20}},"248":{"start":{"line":414,"column":4},"end":{"line":417,"column":5}},"249":{"start":{"line":415,"column":8},"end":{"line":415,"column":31}},"250":{"start":{"line":416,"column":8},"end":{"line":416,"column":20}},"251":{"start":{"line":419,"column":4},"end":{"line":423,"column":7}},"252":{"start":{"line":421,"column":12},"end":{"line":421,"column":28}},"253":{"start":{"line":425,"column":4},"end":{"line":438,"column":5}},"254":{"start":{"line":426,"column":8},"end":{"line":428,"column":9}},"255":{"start":{"line":427,"column":12},"end":{"line":427,"column":32}},"256":{"start":{"line":429,"column":8},"end":{"line":429,"column":27}},"257":{"start":{"line":430,"column":8},"end":{"line":436,"column":9}},"258":{"start":{"line":431,"column":26},"end":{"line":431,"column":28}},"259":{"start":{"line":432,"column":12},"end":{"line":434,"column":15}},"260":{"start":{"line":433,"column":16},"end":{"line":433,"column":32}},"261":{"start":{"line":435,"column":12},"end":{"line":435,"column":56}},"262":{"start":{"line":437,"column":8},"end":{"line":437,"column":36}},"263":{"start":{"line":440,"column":4},"end":{"line":449,"column":6}},"264":{"start":{"line":441,"column":8},"end":{"line":441,"column":23}},"265":{"start":{"line":442,"column":8},"end":{"line":447,"column":9}},"266":{"start":{"line":443,"column":12},"end":{"line":445,"column":13}},"267":{"start":{"line":444,"column":16},"end":{"line":444,"column":30}},"268":{"start":{"line":446,"column":12},"end":{"line":446,"column":31}},"269":{"start":{"line":448,"column":8},"end":{"line":448,"column":36}},"270":{"start":{"line":451,"column":4},"end":{"line":455,"column":6}},"271":{"start":{"line":452,"column":8},"end":{"line":454,"column":11}},"272":{"start":{"line":453,"column":12},"end":{"line":453,"column":32}},"273":{"start":{"line":457,"column":4},"end":{"line":459,"column":6}},"274":{"start":{"line":458,"column":8},"end":{"line":458,"column":54}},"275":{"start":{"line":461,"column":4},"end":{"line":499,"column":6}},"276":{"start":{"line":463,"column":8},"end":{"line":472,"column":9}},"277":{"start":{"line":464,"column":12},"end":{"line":464,"column":56}},"278":{"start":{"line":465,"column":12},"end":{"line":467,"column":13}},"279":{"start":{"line":466,"column":16},"end":{"line":466,"column":36}},"280":{"start":{"line":468,"column":12},"end":{"line":470,"column":13}},"281":{"start":{"line":469,"column":16},"end":{"line":469,"column":42}},"282":{"start":{"line":471,"column":12},"end":{"line":471,"column":19}},"283":{"start":{"line":474,"column":8},"end":{"line":489,"column":9}},"284":{"start":{"line":475,"column":12},"end":{"line":482,"column":13}},"285":{"start":{"line":476,"column":16},"end":{"line":479,"column":17}},"286":{"start":{"line":477,"column":20},"end":{"line":477,"column":41}},"287":{"start":{"line":478,"column":20},"end":{"line":478,"column":49}},"288":{"start":{"line":481,"column":16},"end":{"line":481,"column":45}},"289":{"start":{"line":484,"column":12},"end":{"line":488,"column":13}},"290":{"start":{"line":485,"column":16},"end":{"line":485,"column":76}},"291":{"start":{"line":487,"column":16},"end":{"line":487,"column":45}},"292":{"start":{"line":490,"column":8},"end":{"line":492,"column":9}},"293":{"start":{"line":491,"column":12},"end":{"line":491,"column":32}},"294":{"start":{"line":493,"column":8},"end":{"line":498,"column":9}},"295":{"start":{"line":494,"column":12},"end":{"line":496,"column":13}},"296":{"start":{"line":495,"column":16},"end":{"line":495,"column":59}},"297":{"start":{"line":497,"column":12},"end":{"line":497,"column":38}},"298":{"start":{"line":501,"column":4},"end":{"line":505,"column":7}},"299":{"start":{"line":503,"column":12},"end":{"line":503,"column":40}},"300":{"start":{"line":508,"column":20},"end":{"line":513,"column":1}},"301":{"start":{"line":509,"column":4},"end":{"line":509,"column":25}},"302":{"start":{"line":510,"column":4},"end":{"line":510,"column":31}},"303":{"start":{"line":511,"column":4},"end":{"line":511,"column":29}},"304":{"start":{"line":512,"column":4},"end":{"line":512,"column":30}},"305":{"start":{"line":515,"column":17},"end":{"line":617,"column":1}},"306":{"start":{"line":516,"column":4},"end":{"line":516,"column":37}},"307":{"start":{"line":517,"column":15},"end":{"line":517,"column":19}},"308":{"start":{"line":519,"column":21},"end":{"line":521,"column":5}},"309":{"start":{"line":520,"column":8},"end":{"line":520,"column":35}},"310":{"start":{"line":523,"column":21},"end":{"line":527,"column":5}},"311":{"start":{"line":524,"column":8},"end":{"line":526,"column":9}},"312":{"start":{"line":525,"column":12},"end":{"line":525,"column":108}},"313":{"start":{"line":529,"column":4},"end":{"line":538,"column":5}},"314":{"start":{"line":530,"column":8},"end":{"line":535,"column":9}},"315":{"start":{"line":531,"column":12},"end":{"line":531,"column":27}},"316":{"start":{"line":532,"column":12},"end":{"line":534,"column":13}},"317":{"start":{"line":533,"column":16},"end":{"line":533,"column":28}},"318":{"start":{"line":536,"column":8},"end":{"line":536,"column":93}},"319":{"start":{"line":537,"column":8},"end":{"line":537,"column":20}},"320":{"start":{"line":540,"column":4},"end":{"line":555,"column":5}},"321":{"start":{"line":541,"column":8},"end":{"line":543,"column":9}},"322":{"start":{"line":542,"column":12},"end":{"line":542,"column":152}},"323":{"start":{"line":544,"column":22},"end":{"line":544,"column":23}},"324":{"start":{"line":545,"column":8},"end":{"line":550,"column":9}},"325":{"start":{"line":546,"column":12},"end":{"line":546,"column":27}},"326":{"start":{"line":547,"column":12},"end":{"line":549,"column":13}},"327":{"start":{"line":548,"column":16},"end":{"line":548,"column":29}},"328":{"start":{"line":551,"column":8},"end":{"line":553,"column":9}},"329":{"start":{"line":552,"column":12},"end":{"line":552,"column":122}},"330":{"start":{"line":554,"column":8},"end":{"line":554,"column":20}},"331":{"start":{"line":557,"column":4},"end":{"line":572,"column":5}},"332":{"start":{"line":558,"column":8},"end":{"line":560,"column":9}},"333":{"start":{"line":559,"column":12},"end":{"line":559,"column":150}},"334":{"start":{"line":561,"column":22},"end":{"line":561,"column":23}},"335":{"start":{"line":562,"column":8},"end":{"line":567,"column":9}},"336":{"start":{"line":563,"column":12},"end":{"line":563,"column":27}},"337":{"start":{"line":564,"column":12},"end":{"line":566,"column":13}},"338":{"start":{"line":565,"column":16},"end":{"line":565,"column":29}},"339":{"start":{"line":568,"column":8},"end":{"line":570,"column":9}},"340":{"start":{"line":569,"column":12},"end":{"line":569,"column":122}},"341":{"start":{"line":571,"column":8},"end":{"line":571,"column":20}},"342":{"start":{"line":574,"column":4},"end":{"line":594,"column":5}},"343":{"start":{"line":575,"column":18},"end":{"line":575,"column":30}},"344":{"start":{"line":576,"column":22},"end":{"line":576,"column":23}},"345":{"start":{"line":577,"column":8},"end":{"line":583,"column":9}},"346":{"start":{"line":578,"column":12},"end":{"line":582,"column":13}},"347":{"start":{"line":579,"column":16},"end":{"line":579,"column":33}},"348":{"start":{"line":581,"column":16},"end":{"line":581,"column":124}},"349":{"start":{"line":584,"column":8},"end":{"line":589,"column":9}},"350":{"start":{"line":585,"column":12},"end":{"line":585,"column":27}},"351":{"start":{"line":586,"column":12},"end":{"line":588,"column":13}},"352":{"start":{"line":587,"column":16},"end":{"line":587,"column":29}},"353":{"start":{"line":590,"column":8},"end":{"line":592,"column":9}},"354":{"start":{"line":591,"column":12},"end":{"line":591,"column":100}},"355":{"start":{"line":593,"column":8},"end":{"line":593,"column":20}},"356":{"start":{"line":596,"column":4},"end":{"line":611,"column":5}},"357":{"start":{"line":597,"column":8},"end":{"line":599,"column":9}},"358":{"start":{"line":598,"column":12},"end":{"line":598,"column":105}},"359":{"start":{"line":600,"column":8},"end":{"line":602,"column":9}},"360":{"start":{"line":601,"column":12},"end":{"line":601,"column":109}},"361":{"start":{"line":603,"column":17},"end":{"line":603,"column":19}},"362":{"start":{"line":604,"column":8},"end":{"line":606,"column":9}},"363":{"start":{"line":605,"column":12},"end":{"line":605,"column":45}},"364":{"start":{"line":607,"column":8},"end":{"line":609,"column":9}},"365":{"start":{"line":608,"column":12},"end":{"line":608,"column":97}},"366":{"start":{"line":610,"column":8},"end":{"line":610,"column":20}},"367":{"start":{"line":613,"column":4},"end":{"line":616,"column":5}},"368":{"start":{"line":614,"column":8},"end":{"line":614,"column":32}},"369":{"start":{"line":615,"column":8},"end":{"line":615,"column":20}},"370":{"start":{"line":618,"column":0},"end":{"line":618,"column":47}},"371":{"start":{"line":620,"column":15},"end":{"line":864,"column":1}},"372":{"start":{"line":621,"column":4},"end":{"line":621,"column":37}},"373":{"start":{"line":622,"column":15},"end":{"line":622,"column":19}},"374":{"start":{"line":624,"column":4},"end":{"line":624,"column":24}},"375":{"start":{"line":625,"column":4},"end":{"line":625,"column":25}},"376":{"start":{"line":626,"column":4},"end":{"line":626,"column":25}},"377":{"start":{"line":627,"column":4},"end":{"line":627,"column":24}},"378":{"start":{"line":628,"column":4},"end":{"line":628,"column":25}},"379":{"start":{"line":629,"column":4},"end":{"line":629,"column":26}},"380":{"start":{"line":631,"column":4},"end":{"line":638,"column":6}},"381":{"start":{"line":632,"column":21},"end":{"line":632,"column":42}},"382":{"start":{"line":633,"column":20},"end":{"line":633,"column":51}},"383":{"start":{"line":634,"column":8},"end":{"line":636,"column":9}},"384":{"start":{"line":635,"column":12},"end":{"line":635,"column":36}},"385":{"start":{"line":637,"column":8},"end":{"line":637,"column":19}},"386":{"start":{"line":640,"column":4},"end":{"line":640,"column":46}},"387":{"start":{"line":641,"column":4},"end":{"line":643,"column":5}},"388":{"start":{"line":642,"column":8},"end":{"line":642,"column":27}},"389":{"start":{"line":645,"column":4},"end":{"line":647,"column":5}},"390":{"start":{"line":646,"column":8},"end":{"line":646,"column":43}},"391":{"start":{"line":649,"column":4},"end":{"line":652,"column":5}},"392":{"start":{"line":650,"column":8},"end":{"line":650,"column":28}},"393":{"start":{"line":651,"column":8},"end":{"line":651,"column":20}},"394":{"start":{"line":654,"column":4},"end":{"line":665,"column":6}},"395":{"start":{"line":655,"column":8},"end":{"line":658,"column":9}},"396":{"start":{"line":656,"column":12},"end":{"line":656,"column":33}},"397":{"start":{"line":657,"column":12},"end":{"line":657,"column":24}},"398":{"start":{"line":659,"column":8},"end":{"line":663,"column":9}},"399":{"start":{"line":660,"column":12},"end":{"line":660,"column":31}},"400":{"start":{"line":661,"column":12},"end":{"line":661,"column":38}},"401":{"start":{"line":662,"column":12},"end":{"line":662,"column":24}},"402":{"start":{"line":664,"column":8},"end":{"line":664,"column":148}},"403":{"start":{"line":667,"column":4},"end":{"line":671,"column":6}},"404":{"start":{"line":668,"column":8},"end":{"line":668,"column":29}},"405":{"start":{"line":669,"column":8},"end":{"line":669,"column":28}},"406":{"start":{"line":670,"column":8},"end":{"line":670,"column":20}},"407":{"start":{"line":673,"column":4},"end":{"line":681,"column":7}},"408":{"start":{"line":675,"column":12},"end":{"line":677,"column":13}},"409":{"start":{"line":676,"column":16},"end":{"line":676,"column":99}},"410":{"start":{"line":678,"column":12},"end":{"line":678,"column":34}},"411":{"start":{"line":679,"column":12},"end":{"line":679,"column":24}},"412":{"start":{"line":682,"column":4},"end":{"line":690,"column":7}},"413":{"start":{"line":684,"column":12},"end":{"line":686,"column":13}},"414":{"start":{"line":685,"column":16},"end":{"line":685,"column":99}},"415":{"start":{"line":687,"column":12},"end":{"line":687,"column":34}},"416":{"start":{"line":688,"column":12},"end":{"line":688,"column":24}},"417":{"start":{"line":692,"column":3},"end":{"line":701,"column":11}},"418":{"start":{"line":693,"column":12},"end":{"line":693,"column":97}},"419":{"start":{"line":695,"column":12},"end":{"line":700,"column":15}},"420":{"start":{"line":697,"column":20},"end":{"line":697,"column":37}},"421":{"start":{"line":698,"column":20},"end":{"line":698,"column":32}},"422":{"start":{"line":703,"column":4},"end":{"line":708,"column":7}},"423":{"start":{"line":704,"column":8},"end":{"line":707,"column":9}},"424":{"start":{"line":705,"column":12},"end":{"line":705,"column":37}},"425":{"start":{"line":706,"column":12},"end":{"line":706,"column":24}},"426":{"start":{"line":709,"column":4},"end":{"line":715,"column":6}},"427":{"start":{"line":710,"column":8},"end":{"line":712,"column":9}},"428":{"start":{"line":711,"column":12},"end":{"line":711,"column":139}},"429":{"start":{"line":713,"column":8},"end":{"line":713,"column":40}},"430":{"start":{"line":714,"column":8},"end":{"line":714,"column":20}},"431":{"start":{"line":716,"column":4},"end":{"line":722,"column":6}},"432":{"start":{"line":717,"column":8},"end":{"line":719,"column":9}},"433":{"start":{"line":718,"column":12},"end":{"line":718,"column":91}},"434":{"start":{"line":720,"column":8},"end":{"line":720,"column":26}},"435":{"start":{"line":721,"column":8},"end":{"line":721,"column":20}},"436":{"start":{"line":723,"column":4},"end":{"line":726,"column":6}},"437":{"start":{"line":724,"column":8},"end":{"line":724,"column":22}},"438":{"start":{"line":725,"column":8},"end":{"line":725,"column":20}},"439":{"start":{"line":727,"column":4},"end":{"line":730,"column":6}},"440":{"start":{"line":728,"column":8},"end":{"line":728,"column":22}},"441":{"start":{"line":729,"column":8},"end":{"line":729,"column":20}},"442":{"start":{"line":731,"column":4},"end":{"line":737,"column":6}},"443":{"start":{"line":732,"column":2},"end":{"line":732,"column":21}},"444":{"start":{"line":733,"column":2},"end":{"line":735,"column":3}},"445":{"start":{"line":734,"column":3},"end":{"line":734,"column":25}},"446":{"start":{"line":736,"column":8},"end":{"line":736,"column":20}},"447":{"start":{"line":738,"column":4},"end":{"line":741,"column":6}},"448":{"start":{"line":739,"column":8},"end":{"line":739,"column":29}},"449":{"start":{"line":740,"column":8},"end":{"line":740,"column":20}},"450":{"start":{"line":742,"column":4},"end":{"line":756,"column":6}},"451":{"start":{"line":744,"column":8},"end":{"line":752,"column":9}},"452":{"start":{"line":745,"column":12},"end":{"line":749,"column":13}},"453":{"start":{"line":746,"column":16},"end":{"line":746,"column":31}},"454":{"start":{"line":747,"column":19},"end":{"line":749,"column":13}},"455":{"start":{"line":748,"column":16},"end":{"line":748,"column":44}},"456":{"start":{"line":751,"column":12},"end":{"line":751,"column":24}},"457":{"start":{"line":753,"column":8},"end":{"line":753,"column":27}},"458":{"start":{"line":754,"column":8},"end":{"line":754,"column":41}},"459":{"start":{"line":755,"column":8},"end":{"line":755,"column":20}},"460":{"start":{"line":757,"column":4},"end":{"line":761,"column":6}},"461":{"start":{"line":758,"column":8},"end":{"line":758,"column":32}},"462":{"start":{"line":759,"column":8},"end":{"line":759,"column":30}},"463":{"start":{"line":760,"column":8},"end":{"line":760,"column":20}},"464":{"start":{"line":763,"column":4},"end":{"line":770,"column":6}},"465":{"start":{"line":764,"column":8},"end":{"line":768,"column":9}},"466":{"start":{"line":765,"column":12},"end":{"line":765,"column":30}},"467":{"start":{"line":767,"column":12},"end":{"line":767,"column":30}},"468":{"start":{"line":769,"column":8},"end":{"line":769,"column":20}},"469":{"start":{"line":772,"column":4},"end":{"line":776,"column":7}},"470":{"start":{"line":774,"column":12},"end":{"line":774,"column":40}},"471":{"start":{"line":777,"column":4},"end":{"line":806,"column":7}},"472":{"start":{"line":800,"column":8},"end":{"line":805,"column":11}},"473":{"start":{"line":802,"column":16},"end":{"line":802,"column":40}},"474":{"start":{"line":803,"column":16},"end":{"line":803,"column":28}},"475":{"start":{"line":807,"column":4},"end":{"line":842,"column":7}},"476":{"start":{"line":809,"column":12},"end":{"line":809,"column":33}},"477":{"start":{"line":810,"column":23},"end":{"line":810,"column":44}},"478":{"start":{"line":812,"column":26},"end":{"line":812,"column":31}},"479":{"start":{"line":813,"column":12},"end":{"line":819,"column":13}},"480":{"start":{"line":814,"column":16},"end":{"line":818,"column":17}},"481":{"start":{"line":815,"column":20},"end":{"line":815,"column":47}},"482":{"start":{"line":816,"column":23},"end":{"line":818,"column":17}},"483":{"start":{"line":817,"column":20},"end":{"line":817,"column":35}},"484":{"start":{"line":820,"column":12},"end":{"line":827,"column":13}},"485":{"start":{"line":821,"column":16},"end":{"line":821,"column":36}},"486":{"start":{"line":823,"column":16},"end":{"line":825,"column":17}},"487":{"start":{"line":824,"column":20},"end":{"line":824,"column":98}},"488":{"start":{"line":826,"column":16},"end":{"line":826,"column":28}},"489":{"start":{"line":828,"column":12},"end":{"line":830,"column":13}},"490":{"start":{"line":829,"column":16},"end":{"line":829,"column":31}},"491":{"start":{"line":831,"column":24},"end":{"line":831,"column":55}},"492":{"start":{"line":832,"column":21},"end":{"line":838,"column":14}},"493":{"start":{"line":839,"column":12},"end":{"line":839,"column":32}},"494":{"start":{"line":840,"column":12},"end":{"line":840,"column":22}},"495":{"start":{"line":843,"column":4},"end":{"line":847,"column":7}},"496":{"start":{"line":845,"column":12},"end":{"line":845,"column":35}},"497":{"start":{"line":848,"column":4},"end":{"line":857,"column":7}},"498":{"start":{"line":850,"column":25},"end":{"line":850,"column":46}},"499":{"start":{"line":851,"column":24},"end":{"line":851,"column":54}},"500":{"start":{"line":852,"column":12},"end":{"line":854,"column":13}},"501":{"start":{"line":853,"column":16},"end":{"line":853,"column":40}},"502":{"start":{"line":855,"column":12},"end":{"line":855,"column":23}},"503":{"start":{"line":859,"column":4},"end":{"line":863,"column":5}},"504":{"start":{"line":860,"column":8},"end":{"line":860,"column":24}},"505":{"start":{"line":861,"column":8},"end":{"line":861,"column":50}},"506":{"start":{"line":862,"column":8},"end":{"line":862,"column":20}},"507":{"start":{"line":865,"column":0},"end":{"line":865,"column":45}},"508":{"start":{"line":867,"column":0},"end":{"line":867,"column":37}}},"fnMap":{"0":{"name":"(anonymous_0)","decl":{"start":{"line":4,"column":17},"end":{"line":4,"column":18}},"loc":{"start":{"line":4,"column":32},"end":{"line":9,"column":1}},"line":4},"1":{"name":"(anonymous_1)","decl":{"start":{"line":15,"column":12},"end":{"line":15,"column":13}},"loc":{"start":{"line":15,"column":19},"end":{"line":17,"column":1}},"line":15},"2":{"name":"(anonymous_2)","decl":{"start":{"line":19,"column":18},"end":{"line":19,"column":19}},"loc":{"start":{"line":19,"column":27},"end":{"line":25,"column":1}},"line":19},"3":{"name":"(anonymous_3)","decl":{"start":{"line":28,"column":4},"end":{"line":28,"column":5}},"loc":{"start":{"line":28,"column":19},"end":{"line":37,"column":5}},"line":28},"4":{"name":"(anonymous_4)","decl":{"start":{"line":38,"column":4},"end":{"line":38,"column":5}},"loc":{"start":{"line":38,"column":20},"end":{"line":46,"column":5}},"line":38},"5":{"name":"(anonymous_5)","decl":{"start":{"line":47,"column":4},"end":{"line":47,"column":5}},"loc":{"start":{"line":47,"column":20},"end":{"line":49,"column":5}},"line":47},"6":{"name":"(anonymous_6)","decl":{"start":{"line":50,"column":4},"end":{"line":50,"column":5}},"loc":{"start":{"line":50,"column":18},"end":{"line":52,"column":5}},"line":50},"7":{"name":"(anonymous_7)","decl":{"start":{"line":53,"column":4},"end":{"line":53,"column":5}},"loc":{"start":{"line":53,"column":19},"end":{"line":55,"column":5}},"line":53},"8":{"name":"(anonymous_8)","decl":{"start":{"line":56,"column":4},"end":{"line":56,"column":5}},"loc":{"start":{"line":56,"column":22},"end":{"line":58,"column":5}},"line":56},"9":{"name":"(anonymous_9)","decl":{"start":{"line":59,"column":4},"end":{"line":59,"column":5}},"loc":{"start":{"line":59,"column":21},"end":{"line":76,"column":5}},"line":59},"10":{"name":"(anonymous_10)","decl":{"start":{"line":80,"column":4},"end":{"line":80,"column":5}},"loc":{"start":{"line":80,"column":12},"end":{"line":98,"column":5}},"line":80},"11":{"name":"(anonymous_11)","decl":{"start":{"line":99,"column":4},"end":{"line":99,"column":5}},"loc":{"start":{"line":99,"column":14},"end":{"line":114,"column":5}},"line":99},"12":{"name":"(anonymous_12)","decl":{"start":{"line":115,"column":4},"end":{"line":115,"column":5}},"loc":{"start":{"line":115,"column":15},"end":{"line":139,"column":5}},"line":115},"13":{"name":"(anonymous_13)","decl":{"start":{"line":140,"column":4},"end":{"line":140,"column":5}},"loc":{"start":{"line":140,"column":13},"end":{"line":157,"column":5}},"line":140},"14":{"name":"(anonymous_14)","decl":{"start":{"line":158,"column":4},"end":{"line":158,"column":5}},"loc":{"start":{"line":158,"column":13},"end":{"line":167,"column":5}},"line":158},"15":{"name":"(anonymous_15)","decl":{"start":{"line":168,"column":4},"end":{"line":168,"column":5}},"loc":{"start":{"line":168,"column":15},"end":{"line":180,"column":5}},"line":168},"16":{"name":"(anonymous_16)","decl":{"start":{"line":181,"column":4},"end":{"line":181,"column":5}},"loc":{"start":{"line":181,"column":13},"end":{"line":190,"column":5}},"line":181},"17":{"name":"(anonymous_17)","decl":{"start":{"line":191,"column":4},"end":{"line":191,"column":5}},"loc":{"start":{"line":191,"column":12},"end":{"line":193,"column":5}},"line":191},"18":{"name":"(anonymous_18)","decl":{"start":{"line":194,"column":4},"end":{"line":194,"column":5}},"loc":{"start":{"line":194,"column":14},"end":{"line":219,"column":5}},"line":194},"19":{"name":"(anonymous_19)","decl":{"start":{"line":220,"column":4},"end":{"line":220,"column":5}},"loc":{"start":{"line":220,"column":13},"end":{"line":242,"column":5}},"line":220},"20":{"name":"(anonymous_20)","decl":{"start":{"line":243,"column":4},"end":{"line":243,"column":5}},"loc":{"start":{"line":243,"column":17},"end":{"line":266,"column":5}},"line":243},"21":{"name":"(anonymous_21)","decl":{"start":{"line":267,"column":4},"end":{"line":267,"column":5}},"loc":{"start":{"line":267,"column":14},"end":{"line":276,"column":5}},"line":267},"22":{"name":"(anonymous_22)","decl":{"start":{"line":277,"column":4},"end":{"line":277,"column":5}},"loc":{"start":{"line":277,"column":17},"end":{"line":312,"column":5}},"line":277},"23":{"name":"(anonymous_23)","decl":{"start":{"line":313,"column":4},"end":{"line":313,"column":5}},"loc":{"start":{"line":313,"column":16},"end":{"line":342,"column":5}},"line":313},"24":{"name":"(anonymous_24)","decl":{"start":{"line":345,"column":16},"end":{"line":345,"column":17}},"loc":{"start":{"line":345,"column":99},"end":{"line":506,"column":1}},"line":345},"25":{"name":"(anonymous_25)","decl":{"start":{"line":357,"column":19},"end":{"line":357,"column":20}},"loc":{"start":{"line":357,"column":25},"end":{"line":359,"column":5}},"line":357},"26":{"name":"(anonymous_26)","decl":{"start":{"line":370,"column":24},"end":{"line":370,"column":25}},"loc":{"start":{"line":370,"column":36},"end":{"line":373,"column":5}},"line":370},"27":{"name":"(anonymous_27)","decl":{"start":{"line":375,"column":16},"end":{"line":375,"column":17}},"loc":{"start":{"line":375,"column":26},"end":{"line":386,"column":5}},"line":375},"28":{"name":"(anonymous_28)","decl":{"start":{"line":388,"column":16},"end":{"line":388,"column":17}},"loc":{"start":{"line":388,"column":33},"end":{"line":395,"column":5}},"line":388},"29":{"name":"(anonymous_29)","decl":{"start":{"line":397,"column":15},"end":{"line":397,"column":16}},"loc":{"start":{"line":397,"column":27},"end":{"line":407,"column":5}},"line":397},"30":{"name":"(anonymous_30)","decl":{"start":{"line":409,"column":16},"end":{"line":409,"column":17}},"loc":{"start":{"line":409,"column":25},"end":{"line":412,"column":5}},"line":409},"31":{"name":"(anonymous_31)","decl":{"start":{"line":414,"column":17},"end":{"line":414,"column":18}},"loc":{"start":{"line":414,"column":23},"end":{"line":417,"column":5}},"line":414},"32":{"name":"(anonymous_32)","decl":{"start":{"line":420,"column":13},"end":{"line":420,"column":14}},"loc":{"start":{"line":420,"column":19},"end":{"line":422,"column":9}},"line":420},"33":{"name":"(anonymous_33)","decl":{"start":{"line":425,"column":25},"end":{"line":425,"column":26}},"loc":{"start":{"line":425,"column":31},"end":{"line":438,"column":5}},"line":425},"34":{"name":"(anonymous_34)","decl":{"start":{"line":432,"column":30},"end":{"line":432,"column":31}},"loc":{"start":{"line":432,"column":37},"end":{"line":434,"column":13}},"line":432},"35":{"name":"(anonymous_35)","decl":{"start":{"line":440,"column":17},"end":{"line":440,"column":18}},"loc":{"start":{"line":440,"column":23},"end":{"line":449,"column":5}},"line":440},"36":{"name":"(anonymous_36)","decl":{"start":{"line":451,"column":23},"end":{"line":451,"column":24}},"loc":{"start":{"line":451,"column":29},"end":{"line":455,"column":5}},"line":451},"37":{"name":"(anonymous_37)","decl":{"start":{"line":452,"column":41},"end":{"line":452,"column":42}},"loc":{"start":{"line":452,"column":51},"end":{"line":454,"column":9}},"line":452},"38":{"name":"(anonymous_38)","decl":{"start":{"line":457,"column":21},"end":{"line":457,"column":22}},"loc":{"start":{"line":457,"column":42},"end":{"line":459,"column":5}},"line":457},"39":{"name":"(anonymous_39)","decl":{"start":{"line":461,"column":20},"end":{"line":461,"column":21}},"loc":{"start":{"line":461,"column":27},"end":{"line":499,"column":5}},"line":461},"40":{"name":"(anonymous_40)","decl":{"start":{"line":502,"column":13},"end":{"line":502,"column":14}},"loc":{"start":{"line":502,"column":19},"end":{"line":504,"column":9}},"line":502},"41":{"name":"(anonymous_41)","decl":{"start":{"line":508,"column":20},"end":{"line":508,"column":21}},"loc":{"start":{"line":508,"column":38},"end":{"line":513,"column":1}},"line":508},"42":{"name":"(anonymous_42)","decl":{"start":{"line":515,"column":17},"end":{"line":515,"column":18}},"loc":{"start":{"line":515,"column":35},"end":{"line":617,"column":1}},"line":515},"43":{"name":"(anonymous_43)","decl":{"start":{"line":519,"column":21},"end":{"line":519,"column":22}},"loc":{"start":{"line":519,"column":30},"end":{"line":521,"column":5}},"line":519},"44":{"name":"(anonymous_44)","decl":{"start":{"line":523,"column":21},"end":{"line":523,"column":22}},"loc":{"start":{"line":523,"column":31},"end":{"line":527,"column":5}},"line":523},"45":{"name":"(anonymous_45)","decl":{"start":{"line":529,"column":15},"end":{"line":529,"column":16}},"loc":{"start":{"line":529,"column":29},"end":{"line":538,"column":5}},"line":529},"46":{"name":"(anonymous_46)","decl":{"start":{"line":540,"column":19},"end":{"line":540,"column":20}},"loc":{"start":{"line":540,"column":40},"end":{"line":555,"column":5}},"line":540},"47":{"name":"(anonymous_47)","decl":{"start":{"line":557,"column":17},"end":{"line":557,"column":18}},"loc":{"start":{"line":557,"column":38},"end":{"line":572,"column":5}},"line":557},"48":{"name":"(anonymous_48)","decl":{"start":{"line":574,"column":24},"end":{"line":574,"column":25}},"loc":{"start":{"line":574,"column":38},"end":{"line":594,"column":5}},"line":574},"49":{"name":"(anonymous_49)","decl":{"start":{"line":596,"column":16},"end":{"line":596,"column":17}},"loc":{"start":{"line":596,"column":32},"end":{"line":611,"column":5}},"line":596},"50":{"name":"(anonymous_50)","decl":{"start":{"line":613,"column":19},"end":{"line":613,"column":20}},"loc":{"start":{"line":613,"column":32},"end":{"line":616,"column":5}},"line":613},"51":{"name":"(anonymous_51)","decl":{"start":{"line":620,"column":15},"end":{"line":620,"column":16}},"loc":{"start":{"line":620,"column":46},"end":{"line":864,"column":1}},"line":620},"52":{"name":"(anonymous_52)","decl":{"start":{"line":631,"column":21},"end":{"line":631,"column":22}},"loc":{"start":{"line":631,"column":27},"end":{"line":638,"column":5}},"line":631},"53":{"name":"(anonymous_53)","decl":{"start":{"line":645,"column":20},"end":{"line":645,"column":21}},"loc":{"start":{"line":645,"column":26},"end":{"line":647,"column":5}},"line":645},"54":{"name":"(anonymous_54)","decl":{"start":{"line":649,"column":17},"end":{"line":649,"column":18}},"loc":{"start":{"line":649,"column":23},"end":{"line":652,"column":5}},"line":649},"55":{"name":"(anonymous_55)","decl":{"start":{"line":654,"column":18},"end":{"line":654,"column":19}},"loc":{"start":{"line":654,"column":32},"end":{"line":665,"column":5}},"line":654},"56":{"name":"(anonymous_56)","decl":{"start":{"line":667,"column":19},"end":{"line":667,"column":20}},"loc":{"start":{"line":667,"column":27},"end":{"line":671,"column":5}},"line":667},"57":{"name":"(anonymous_57)","decl":{"start":{"line":674,"column":13},"end":{"line":674,"column":14}},"loc":{"start":{"line":674,"column":19},"end":{"line":680,"column":9}},"line":674},"58":{"name":"(anonymous_58)","decl":{"start":{"line":683,"column":13},"end":{"line":683,"column":14}},"loc":{"start":{"line":683,"column":19},"end":{"line":689,"column":9}},"line":683},"59":{"name":"(anonymous_59)","decl":{"start":{"line":692,"column":34},"end":{"line":692,"column":35}},"loc":{"start":{"line":692,"column":42},"end":{"line":694,"column":9}},"line":692},"60":{"name":"(anonymous_60)","decl":{"start":{"line":694,"column":19},"end":{"line":694,"column":20}},"loc":{"start":{"line":694,"column":26},"end":{"line":701,"column":9}},"line":694},"61":{"name":"(anonymous_61)","decl":{"start":{"line":696,"column":21},"end":{"line":696,"column":22}},"loc":{"start":{"line":696,"column":27},"end":{"line":699,"column":17}},"line":696},"62":{"name":"(anonymous_62)","decl":{"start":{"line":703,"column":47},"end":{"line":703,"column":48}},"loc":{"start":{"line":703,"column":55},"end":{"line":708,"column":5}},"line":703},"63":{"name":"(anonymous_63)","decl":{"start":{"line":704,"column":21},"end":{"line":704,"column":22}},"loc":{"start":{"line":704,"column":32},"end":{"line":707,"column":9}},"line":704},"64":{"name":"(anonymous_64)","decl":{"start":{"line":709,"column":19},"end":{"line":709,"column":20}},"loc":{"start":{"line":709,"column":29},"end":{"line":715,"column":5}},"line":709},"65":{"name":"(anonymous_65)","decl":{"start":{"line":716,"column":19},"end":{"line":716,"column":20}},"loc":{"start":{"line":716,"column":28},"end":{"line":722,"column":5}},"line":716},"66":{"name":"(anonymous_66)","decl":{"start":{"line":723,"column":15},"end":{"line":723,"column":16}},"loc":{"start":{"line":723,"column":22},"end":{"line":726,"column":5}},"line":723},"67":{"name":"(anonymous_67)","decl":{"start":{"line":727,"column":15},"end":{"line":727,"column":16}},"loc":{"start":{"line":727,"column":22},"end":{"line":730,"column":5}},"line":727},"68":{"name":"(anonymous_68)","decl":{"start":{"line":731,"column":16},"end":{"line":731,"column":17}},"loc":{"start":{"line":731,"column":26},"end":{"line":737,"column":5}},"line":731},"69":{"name":"(anonymous_69)","decl":{"start":{"line":738,"column":18},"end":{"line":738,"column":19}},"loc":{"start":{"line":738,"column":27},"end":{"line":741,"column":5}},"line":738},"70":{"name":"(anonymous_70)","decl":{"start":{"line":742,"column":23},"end":{"line":742,"column":24}},"loc":{"start":{"line":742,"column":36},"end":{"line":756,"column":5}},"line":742},"71":{"name":"(anonymous_71)","decl":{"start":{"line":757,"column":19},"end":{"line":757,"column":20}},"loc":{"start":{"line":757,"column":29},"end":{"line":761,"column":5}},"line":757},"72":{"name":"(anonymous_72)","decl":{"start":{"line":763,"column":16},"end":{"line":763,"column":17}},"loc":{"start":{"line":763,"column":26},"end":{"line":770,"column":5}},"line":763},"73":{"name":"(anonymous_73)","decl":{"start":{"line":773,"column":13},"end":{"line":773,"column":14}},"loc":{"start":{"line":773,"column":19},"end":{"line":775,"column":9}},"line":773},"74":{"name":"(anonymous_74)","decl":{"start":{"line":799,"column":14},"end":{"line":799,"column":15}},"loc":{"start":{"line":799,"column":22},"end":{"line":806,"column":5}},"line":799},"75":{"name":"(anonymous_75)","decl":{"start":{"line":801,"column":17},"end":{"line":801,"column":18}},"loc":{"start":{"line":801,"column":23},"end":{"line":804,"column":13}},"line":801},"76":{"name":"(anonymous_76)","decl":{"start":{"line":808,"column":13},"end":{"line":808,"column":14}},"loc":{"start":{"line":808,"column":19},"end":{"line":841,"column":9}},"line":808},"77":{"name":"(anonymous_77)","decl":{"start":{"line":844,"column":13},"end":{"line":844,"column":14}},"loc":{"start":{"line":844,"column":19},"end":{"line":846,"column":9}},"line":844},"78":{"name":"(anonymous_78)","decl":{"start":{"line":849,"column":13},"end":{"line":849,"column":14}},"loc":{"start":{"line":849,"column":19},"end":{"line":856,"column":9}},"line":849},"79":{"name":"(anonymous_79)","decl":{"start":{"line":859,"column":14},"end":{"line":859,"column":15}},"loc":{"start":{"line":859,"column":30},"end":{"line":863,"column":5}},"line":859}},"branchMap":{"0":{"loc":{"start":{"line":5,"column":4},"end":{"line":7,"column":5}},"type":"if","locations":[{"start":{"line":5,"column":4},"end":{"line":7,"column":5}},{"start":{"line":5,"column":4},"end":{"line":7,"column":5}}],"line":5},"1":{"loc":{"start":{"line":16,"column":11},"end":{"line":16,"column":40}},"type":"binary-expr","locations":[{"start":{"line":16,"column":11},"end":{"line":16,"column":26}},{"start":{"line":16,"column":30},"end":{"line":16,"column":40}}],"line":16},"2":{"loc":{"start":{"line":29,"column":8},"end":{"line":35,"column":9}},"type":"if","locations":[{"start":{"line":29,"column":8},"end":{"line":35,"column":9}},{"start":{"line":29,"column":8},"end":{"line":35,"column":9}}],"line":29},"3":{"loc":{"start":{"line":30,"column":12},"end":{"line":34,"column":13}},"type":"if","locations":[{"start":{"line":30,"column":12},"end":{"line":34,"column":13}},{"start":{"line":30,"column":12},"end":{"line":34,"column":13}}],"line":30},"4":{"loc":{"start":{"line":39,"column":8},"end":{"line":41,"column":9}},"type":"if","locations":[{"start":{"line":39,"column":8},"end":{"line":41,"column":9}},{"start":{"line":39,"column":8},"end":{"line":41,"column":9}}],"line":39},"5":{"loc":{"start":{"line":42,"column":8},"end":{"line":44,"column":9}},"type":"if","locations":[{"start":{"line":42,"column":8},"end":{"line":44,"column":9}},{"start":{"line":42,"column":8},"end":{"line":44,"column":9}}],"line":42},"6":{"loc":{"start":{"line":60,"column":8},"end":{"line":68,"column":9}},"type":"if","locations":[{"start":{"line":60,"column":8},"end":{"line":68,"column":9}},{"start":{"line":60,"column":8},"end":{"line":68,"column":9}}],"line":60},"7":{"loc":{"start":{"line":66,"column":24},"end":{"line":66,"column":51}},"type":"cond-expr","locations":[{"start":{"line":66,"column":42},"end":{"line":66,"column":45}},{"start":{"line":66,"column":48},"end":{"line":66,"column":51}}],"line":66},"8":{"loc":{"start":{"line":69,"column":8},"end":{"line":71,"column":9}},"type":"if","locations":[{"start":{"line":69,"column":8},"end":{"line":71,"column":9}},{"start":{"line":69,"column":8},"end":{"line":71,"column":9}}],"line":69},"9":{"loc":{"start":{"line":72,"column":8},"end":{"line":74,"column":9}},"type":"if","locations":[{"start":{"line":72,"column":8},"end":{"line":74,"column":9}},{"start":{"line":72,"column":8},"end":{"line":74,"column":9}}],"line":72},"10":{"loc":{"start":{"line":81,"column":8},"end":{"line":83,"column":9}},"type":"if","locations":[{"start":{"line":81,"column":8},"end":{"line":83,"column":9}},{"start":{"line":81,"column":8},"end":{"line":83,"column":9}}],"line":81},"11":{"loc":{"start":{"line":81,"column":12},"end":{"line":81,"column":53}},"type":"binary-expr","locations":[{"start":{"line":81,"column":12},"end":{"line":81,"column":21}},{"start":{"line":81,"column":25},"end":{"line":81,"column":53}}],"line":81},"12":{"loc":{"start":{"line":84,"column":8},"end":{"line":86,"column":9}},"type":"if","locations":[{"start":{"line":84,"column":8},"end":{"line":86,"column":9}},{"start":{"line":84,"column":8},"end":{"line":86,"column":9}}],"line":84},"13":{"loc":{"start":{"line":88,"column":8},"end":{"line":90,"column":9}},"type":"if","locations":[{"start":{"line":88,"column":8},"end":{"line":90,"column":9}},{"start":{"line":88,"column":8},"end":{"line":90,"column":9}}],"line":88},"14":{"loc":{"start":{"line":88,"column":12},"end":{"line":88,"column":38}},"type":"binary-expr","locations":[{"start":{"line":88,"column":12},"end":{"line":88,"column":23}},{"start":{"line":88,"column":27},"end":{"line":88,"column":38}}],"line":88},"15":{"loc":{"start":{"line":91,"column":8},"end":{"line":93,"column":9}},"type":"if","locations":[{"start":{"line":91,"column":8},"end":{"line":93,"column":9}},{"start":{"line":91,"column":8},"end":{"line":93,"column":9}}],"line":91},"16":{"loc":{"start":{"line":91,"column":12},"end":{"line":91,"column":38}},"type":"binary-expr","locations":[{"start":{"line":91,"column":12},"end":{"line":91,"column":18}},{"start":{"line":91,"column":22},"end":{"line":91,"column":38}}],"line":91},"17":{"loc":{"start":{"line":94,"column":8},"end":{"line":96,"column":9}},"type":"if","locations":[{"start":{"line":94,"column":8},"end":{"line":96,"column":9}},{"start":{"line":94,"column":8},"end":{"line":96,"column":9}}],"line":94},"18":{"loc":{"start":{"line":94,"column":12},"end":{"line":94,"column":38}},"type":"binary-expr","locations":[{"start":{"line":94,"column":12},"end":{"line":94,"column":18}},{"start":{"line":94,"column":22},"end":{"line":94,"column":38}}],"line":94},"19":{"loc":{"start":{"line":100,"column":8},"end":{"line":102,"column":9}},"type":"if","locations":[{"start":{"line":100,"column":8},"end":{"line":102,"column":9}},{"start":{"line":100,"column":8},"end":{"line":102,"column":9}}],"line":100},"20":{"loc":{"start":{"line":100,"column":12},"end":{"line":100,"column":53}},"type":"binary-expr","locations":[{"start":{"line":100,"column":12},"end":{"line":100,"column":21}},{"start":{"line":100,"column":25},"end":{"line":100,"column":53}}],"line":100},"21":{"loc":{"start":{"line":103,"column":8},"end":{"line":105,"column":9}},"type":"if","locations":[{"start":{"line":103,"column":8},"end":{"line":105,"column":9}},{"start":{"line":103,"column":8},"end":{"line":105,"column":9}}],"line":103},"22":{"loc":{"start":{"line":107,"column":8},"end":{"line":109,"column":9}},"type":"if","locations":[{"start":{"line":107,"column":8},"end":{"line":109,"column":9}},{"start":{"line":107,"column":8},"end":{"line":109,"column":9}}],"line":107},"23":{"loc":{"start":{"line":107,"column":12},"end":{"line":107,"column":38}},"type":"binary-expr","locations":[{"start":{"line":107,"column":12},"end":{"line":107,"column":18}},{"start":{"line":107,"column":22},"end":{"line":107,"column":38}}],"line":107},"24":{"loc":{"start":{"line":110,"column":8},"end":{"line":112,"column":9}},"type":"if","locations":[{"start":{"line":110,"column":8},"end":{"line":112,"column":9}},{"start":{"line":110,"column":8},"end":{"line":112,"column":9}}],"line":110},"25":{"loc":{"start":{"line":110,"column":12},"end":{"line":110,"column":38}},"type":"binary-expr","locations":[{"start":{"line":110,"column":12},"end":{"line":110,"column":18}},{"start":{"line":110,"column":22},"end":{"line":110,"column":38}}],"line":110},"26":{"loc":{"start":{"line":116,"column":8},"end":{"line":118,"column":9}},"type":"if","locations":[{"start":{"line":116,"column":8},"end":{"line":118,"column":9}},{"start":{"line":116,"column":8},"end":{"line":118,"column":9}}],"line":116},"27":{"loc":{"start":{"line":116,"column":12},"end":{"line":116,"column":53}},"type":"binary-expr","locations":[{"start":{"line":116,"column":12},"end":{"line":116,"column":21}},{"start":{"line":116,"column":25},"end":{"line":116,"column":53}}],"line":116},"28":{"loc":{"start":{"line":120,"column":8},"end":{"line":122,"column":9}},"type":"if","locations":[{"start":{"line":120,"column":8},"end":{"line":122,"column":9}},{"start":{"line":120,"column":8},"end":{"line":122,"column":9}}],"line":120},"29":{"loc":{"start":{"line":123,"column":8},"end":{"line":125,"column":9}},"type":"if","locations":[{"start":{"line":123,"column":8},"end":{"line":125,"column":9}},{"start":{"line":123,"column":8},"end":{"line":125,"column":9}}],"line":123},"30":{"loc":{"start":{"line":123,"column":12},"end":{"line":123,"column":41}},"type":"binary-expr","locations":[{"start":{"line":123,"column":12},"end":{"line":123,"column":18}},{"start":{"line":123,"column":22},"end":{"line":123,"column":41}}],"line":123},"31":{"loc":{"start":{"line":126,"column":8},"end":{"line":128,"column":9}},"type":"if","locations":[{"start":{"line":126,"column":8},"end":{"line":128,"column":9}},{"start":{"line":126,"column":8},"end":{"line":128,"column":9}}],"line":126},"32":{"loc":{"start":{"line":126,"column":12},"end":{"line":126,"column":41}},"type":"binary-expr","locations":[{"start":{"line":126,"column":12},"end":{"line":126,"column":18}},{"start":{"line":126,"column":22},"end":{"line":126,"column":41}}],"line":126},"33":{"loc":{"start":{"line":129,"column":8},"end":{"line":131,"column":9}},"type":"if","locations":[{"start":{"line":129,"column":8},"end":{"line":131,"column":9}},{"start":{"line":129,"column":8},"end":{"line":131,"column":9}}],"line":129},"34":{"loc":{"start":{"line":129,"column":12},"end":{"line":129,"column":47}},"type":"binary-expr","locations":[{"start":{"line":129,"column":12},"end":{"line":129,"column":20}},{"start":{"line":129,"column":24},"end":{"line":129,"column":47}}],"line":129},"35":{"loc":{"start":{"line":132,"column":8},"end":{"line":134,"column":9}},"type":"if","locations":[{"start":{"line":132,"column":8},"end":{"line":134,"column":9}},{"start":{"line":132,"column":8},"end":{"line":134,"column":9}}],"line":132},"36":{"loc":{"start":{"line":132,"column":12},"end":{"line":132,"column":53}},"type":"binary-expr","locations":[{"start":{"line":132,"column":12},"end":{"line":132,"column":24}},{"start":{"line":132,"column":28},"end":{"line":132,"column":53}}],"line":132},"37":{"loc":{"start":{"line":135,"column":8},"end":{"line":137,"column":9}},"type":"if","locations":[{"start":{"line":135,"column":8},"end":{"line":137,"column":9}},{"start":{"line":135,"column":8},"end":{"line":137,"column":9}}],"line":135},"38":{"loc":{"start":{"line":135,"column":12},"end":{"line":135,"column":53}},"type":"binary-expr","locations":[{"start":{"line":135,"column":12},"end":{"line":135,"column":24}},{"start":{"line":135,"column":28},"end":{"line":135,"column":53}}],"line":135},"39":{"loc":{"start":{"line":142,"column":8},"end":{"line":144,"column":9}},"type":"if","locations":[{"start":{"line":142,"column":8},"end":{"line":144,"column":9}},{"start":{"line":142,"column":8},"end":{"line":144,"column":9}}],"line":142},"40":{"loc":{"start":{"line":142,"column":12},"end":{"line":142,"column":40}},"type":"binary-expr","locations":[{"start":{"line":142,"column":12},"end":{"line":142,"column":21}},{"start":{"line":142,"column":25},"end":{"line":142,"column":40}}],"line":142},"41":{"loc":{"start":{"line":145,"column":8},"end":{"line":155,"column":9}},"type":"switch","locations":[{"start":{"line":146,"column":8},"end":{"line":148,"column":18}},{"start":{"line":149,"column":8},"end":{"line":154,"column":18}}],"line":145},"42":{"loc":{"start":{"line":150,"column":24},"end":{"line":150,"column":48}},"type":"cond-expr","locations":[{"start":{"line":150,"column":40},"end":{"line":150,"column":43}},{"start":{"line":150,"column":46},"end":{"line":150,"column":48}}],"line":150},"43":{"loc":{"start":{"line":151,"column":12},"end":{"line":153,"column":13}},"type":"if","locations":[{"start":{"line":151,"column":12},"end":{"line":153,"column":13}},{"start":{"line":151,"column":12},"end":{"line":153,"column":13}}],"line":151},"44":{"loc":{"start":{"line":159,"column":8},"end":{"line":161,"column":9}},"type":"if","locations":[{"start":{"line":159,"column":8},"end":{"line":161,"column":9}},{"start":{"line":159,"column":8},"end":{"line":161,"column":9}}],"line":159},"45":{"loc":{"start":{"line":163,"column":8},"end":{"line":165,"column":9}},"type":"if","locations":[{"start":{"line":163,"column":8},"end":{"line":165,"column":9}},{"start":{"line":163,"column":8},"end":{"line":165,"column":9}}],"line":163},"46":{"loc":{"start":{"line":169,"column":8},"end":{"line":171,"column":9}},"type":"if","locations":[{"start":{"line":169,"column":8},"end":{"line":171,"column":9}},{"start":{"line":169,"column":8},"end":{"line":171,"column":9}}],"line":169},"47":{"loc":{"start":{"line":173,"column":8},"end":{"line":175,"column":9}},"type":"if","locations":[{"start":{"line":173,"column":8},"end":{"line":175,"column":9}},{"start":{"line":173,"column":8},"end":{"line":175,"column":9}}],"line":173},"48":{"loc":{"start":{"line":176,"column":8},"end":{"line":178,"column":9}},"type":"if","locations":[{"start":{"line":176,"column":8},"end":{"line":178,"column":9}},{"start":{"line":176,"column":8},"end":{"line":178,"column":9}}],"line":176},"49":{"loc":{"start":{"line":182,"column":8},"end":{"line":184,"column":9}},"type":"if","locations":[{"start":{"line":182,"column":8},"end":{"line":184,"column":9}},{"start":{"line":182,"column":8},"end":{"line":184,"column":9}}],"line":182},"50":{"loc":{"start":{"line":186,"column":8},"end":{"line":188,"column":9}},"type":"if","locations":[{"start":{"line":186,"column":8},"end":{"line":188,"column":9}},{"start":{"line":186,"column":8},"end":{"line":188,"column":9}}],"line":186},"51":{"loc":{"start":{"line":196,"column":8},"end":{"line":198,"column":9}},"type":"if","locations":[{"start":{"line":196,"column":8},"end":{"line":198,"column":9}},{"start":{"line":196,"column":8},"end":{"line":198,"column":9}}],"line":196},"52":{"loc":{"start":{"line":196,"column":12},"end":{"line":196,"column":29}},"type":"binary-expr","locations":[{"start":{"line":196,"column":12},"end":{"line":196,"column":21}},{"start":{"line":196,"column":25},"end":{"line":196,"column":29}}],"line":196},"53":{"loc":{"start":{"line":200,"column":8},"end":{"line":208,"column":9}},"type":"if","locations":[{"start":{"line":200,"column":8},"end":{"line":208,"column":9}},{"start":{"line":200,"column":8},"end":{"line":208,"column":9}}],"line":200},"54":{"loc":{"start":{"line":209,"column":8},"end":{"line":211,"column":9}},"type":"if","locations":[{"start":{"line":209,"column":8},"end":{"line":211,"column":9}},{"start":{"line":209,"column":8},"end":{"line":211,"column":9}}],"line":209},"55":{"loc":{"start":{"line":209,"column":12},"end":{"line":209,"column":46}},"type":"binary-expr","locations":[{"start":{"line":209,"column":12},"end":{"line":209,"column":20}},{"start":{"line":209,"column":24},"end":{"line":209,"column":46}}],"line":209},"56":{"loc":{"start":{"line":212,"column":8},"end":{"line":214,"column":9}},"type":"if","locations":[{"start":{"line":212,"column":8},"end":{"line":214,"column":9}},{"start":{"line":212,"column":8},"end":{"line":214,"column":9}}],"line":212},"57":{"loc":{"start":{"line":212,"column":12},"end":{"line":212,"column":41}},"type":"binary-expr","locations":[{"start":{"line":212,"column":12},"end":{"line":212,"column":18}},{"start":{"line":212,"column":22},"end":{"line":212,"column":41}}],"line":212},"58":{"loc":{"start":{"line":215,"column":8},"end":{"line":217,"column":9}},"type":"if","locations":[{"start":{"line":215,"column":8},"end":{"line":217,"column":9}},{"start":{"line":215,"column":8},"end":{"line":217,"column":9}}],"line":215},"59":{"loc":{"start":{"line":215,"column":12},"end":{"line":215,"column":41}},"type":"binary-expr","locations":[{"start":{"line":215,"column":12},"end":{"line":215,"column":18}},{"start":{"line":215,"column":22},"end":{"line":215,"column":41}}],"line":215},"60":{"loc":{"start":{"line":222,"column":8},"end":{"line":224,"column":9}},"type":"if","locations":[{"start":{"line":222,"column":8},"end":{"line":224,"column":9}},{"start":{"line":222,"column":8},"end":{"line":224,"column":9}}],"line":222},"61":{"loc":{"start":{"line":226,"column":8},"end":{"line":236,"column":9}},"type":"if","locations":[{"start":{"line":226,"column":8},"end":{"line":236,"column":9}},{"start":{"line":226,"column":8},"end":{"line":236,"column":9}}],"line":226},"62":{"loc":{"start":{"line":228,"column":15},"end":{"line":236,"column":9}},"type":"if","locations":[{"start":{"line":228,"column":15},"end":{"line":236,"column":9}},{"start":{"line":228,"column":15},"end":{"line":236,"column":9}}],"line":228},"63":{"loc":{"start":{"line":230,"column":15},"end":{"line":236,"column":9}},"type":"if","locations":[{"start":{"line":230,"column":15},"end":{"line":236,"column":9}},{"start":{"line":230,"column":15},"end":{"line":236,"column":9}}],"line":230},"64":{"loc":{"start":{"line":232,"column":15},"end":{"line":236,"column":9}},"type":"if","locations":[{"start":{"line":232,"column":15},"end":{"line":236,"column":9}},{"start":{"line":232,"column":15},"end":{"line":236,"column":9}}],"line":232},"65":{"loc":{"start":{"line":238,"column":8},"end":{"line":240,"column":9}},"type":"if","locations":[{"start":{"line":238,"column":8},"end":{"line":240,"column":9}},{"start":{"line":238,"column":8},"end":{"line":240,"column":9}}],"line":238},"66":{"loc":{"start":{"line":241,"column":73},"end":{"line":241,"column":128}},"type":"cond-expr","locations":[{"start":{"line":241,"column":104},"end":{"line":241,"column":123}},{"start":{"line":241,"column":126},"end":{"line":241,"column":128}}],"line":241},"67":{"loc":{"start":{"line":244,"column":30},"end":{"line":244,"column":84}},"type":"cond-expr","locations":[{"start":{"line":244,"column":44},"end":{"line":244,"column":63}},{"start":{"line":244,"column":66},"end":{"line":244,"column":84}}],"line":244},"68":{"loc":{"start":{"line":245,"column":8},"end":{"line":247,"column":9}},"type":"if","locations":[{"start":{"line":245,"column":8},"end":{"line":247,"column":9}},{"start":{"line":245,"column":8},"end":{"line":247,"column":9}}],"line":245},"69":{"loc":{"start":{"line":250,"column":8},"end":{"line":255,"column":9}},"type":"if","locations":[{"start":{"line":250,"column":8},"end":{"line":255,"column":9}},{"start":{"line":250,"column":8},"end":{"line":255,"column":9}}],"line":250},"70":{"loc":{"start":{"line":252,"column":12},"end":{"line":254,"column":13}},"type":"if","locations":[{"start":{"line":252,"column":12},"end":{"line":254,"column":13}},{"start":{"line":252,"column":12},"end":{"line":254,"column":13}}],"line":252},"71":{"loc":{"start":{"line":256,"column":8},"end":{"line":261,"column":9}},"type":"if","locations":[{"start":{"line":256,"column":8},"end":{"line":261,"column":9}},{"start":{"line":256,"column":8},"end":{"line":261,"column":9}}],"line":256},"72":{"loc":{"start":{"line":258,"column":12},"end":{"line":260,"column":13}},"type":"if","locations":[{"start":{"line":258,"column":12},"end":{"line":260,"column":13}},{"start":{"line":258,"column":12},"end":{"line":260,"column":13}}],"line":258},"73":{"loc":{"start":{"line":262,"column":8},"end":{"line":264,"column":9}},"type":"if","locations":[{"start":{"line":262,"column":8},"end":{"line":264,"column":9}},{"start":{"line":262,"column":8},"end":{"line":264,"column":9}}],"line":262},"74":{"loc":{"start":{"line":269,"column":8},"end":{"line":271,"column":9}},"type":"if","locations":[{"start":{"line":269,"column":8},"end":{"line":271,"column":9}},{"start":{"line":269,"column":8},"end":{"line":271,"column":9}}],"line":269},"75":{"loc":{"start":{"line":272,"column":8},"end":{"line":274,"column":9}},"type":"if","locations":[{"start":{"line":272,"column":8},"end":{"line":274,"column":9}},{"start":{"line":272,"column":8},"end":{"line":274,"column":9}}],"line":272},"76":{"loc":{"start":{"line":279,"column":8},"end":{"line":281,"column":9}},"type":"if","locations":[{"start":{"line":279,"column":8},"end":{"line":281,"column":9}},{"start":{"line":279,"column":8},"end":{"line":281,"column":9}}],"line":279},"77":{"loc":{"start":{"line":283,"column":8},"end":{"line":285,"column":9}},"type":"if","locations":[{"start":{"line":283,"column":8},"end":{"line":285,"column":9}},{"start":{"line":283,"column":8},"end":{"line":285,"column":9}}],"line":283},"78":{"loc":{"start":{"line":286,"column":8},"end":{"line":288,"column":9}},"type":"if","locations":[{"start":{"line":286,"column":8},"end":{"line":288,"column":9}},{"start":{"line":286,"column":8},"end":{"line":288,"column":9}}],"line":286},"79":{"loc":{"start":{"line":289,"column":8},"end":{"line":310,"column":9}},"type":"switch","locations":[{"start":{"line":290,"column":8},"end":{"line":294,"column":18}},{"start":{"line":295,"column":8},"end":{"line":299,"column":18}},{"start":{"line":300,"column":8},"end":{"line":304,"column":18}},{"start":{"line":305,"column":8},"end":{"line":309,"column":18}}],"line":289},"80":{"loc":{"start":{"line":291,"column":12},"end":{"line":293,"column":13}},"type":"if","locations":[{"start":{"line":291,"column":12},"end":{"line":293,"column":13}},{"start":{"line":291,"column":12},"end":{"line":293,"column":13}}],"line":291},"81":{"loc":{"start":{"line":296,"column":12},"end":{"line":298,"column":13}},"type":"if","locations":[{"start":{"line":296,"column":12},"end":{"line":298,"column":13}},{"start":{"line":296,"column":12},"end":{"line":298,"column":13}}],"line":296},"82":{"loc":{"start":{"line":301,"column":12},"end":{"line":303,"column":13}},"type":"if","locations":[{"start":{"line":301,"column":12},"end":{"line":303,"column":13}},{"start":{"line":301,"column":12},"end":{"line":303,"column":13}}],"line":301},"83":{"loc":{"start":{"line":306,"column":12},"end":{"line":308,"column":13}},"type":"if","locations":[{"start":{"line":306,"column":12},"end":{"line":308,"column":13}},{"start":{"line":306,"column":12},"end":{"line":308,"column":13}}],"line":306},"84":{"loc":{"start":{"line":315,"column":8},"end":{"line":317,"column":9}},"type":"if","locations":[{"start":{"line":315,"column":8},"end":{"line":317,"column":9}},{"start":{"line":315,"column":8},"end":{"line":317,"column":9}}],"line":315},"85":{"loc":{"start":{"line":320,"column":8},"end":{"line":326,"column":9}},"type":"if","locations":[{"start":{"line":320,"column":8},"end":{"line":326,"column":9}},{"start":{"line":320,"column":8},"end":{"line":326,"column":9}}],"line":320},"86":{"loc":{"start":{"line":322,"column":15},"end":{"line":326,"column":9}},"type":"if","locations":[{"start":{"line":322,"column":15},"end":{"line":326,"column":9}},{"start":{"line":322,"column":15},"end":{"line":326,"column":9}}],"line":322},"87":{"loc":{"start":{"line":328,"column":8},"end":{"line":330,"column":9}},"type":"if","locations":[{"start":{"line":328,"column":8},"end":{"line":330,"column":9}},{"start":{"line":328,"column":8},"end":{"line":330,"colu
[...]
:{"name":"(anonymous_11)","decl":{"start":{"line":109,"column":70},"end":{"line":109,"column":71}},"loc":{"start":{"line":109,"column":76},"end":{"line":118,"column":2}},"line":109},"12":{"name":"(anonymous_12)","decl":{"start":{"line":120,"column":98},"end":{"line":120,"column":99}},"loc":{"start":{"line":120,"column":104},"end":{"line":128,"column":2}},"line":120},"13":{"name":"(anonymous_13)","decl":{"start":{"line":130,"column":95},"end":{"line":130,"column":96}},"loc":{"start":{"line":130,"column":101},"end":{"line":138,"column":2}},"line":130},"14":{"name":"(anonymous_14)","decl":{"start":{"line":140,"column":102},"end":{"line":140,"column":103}},"loc":{"start":{"line":140,"column":108},"end":{"line":148,"column":2}},"line":140},"15":{"name":"(anonymous_15)","decl":{"start":{"line":150,"column":98},"end":{"line":150,"column":99}},"loc":{"start":{"line":150,"column":104},"end":{"line":158,"column":2}},"line":150}},"branchMap":{},"s":{"0":1,"1":1,"2":1,"3":1,"4":1,"5":1,"6":1,"7":1,"8":1,"9":1,"10":1,"11":1,"12":1,"13":1,"14":1,"15":1,"16":1,"17":1,"18":1,"19":1,"20":1,"21":1,"22":1,"23":1,"24":1,"25":1,"26":1,"27":1,"28":1,"29":1,"30":1,"31":1,"32":1,"33":1,"34":1,"35":1,"36":1,"37":1,"38":1,"39":1,"40":1,"41":1,"42":1,"43":1,"44":1,"45":1,"46":1,"47":1,"48":1,"49":1,"50":1,"51":1,"52":1,"53":1,"54":1,"55":1,"56":1,"57":1,"58":1,"59":1,"60":1,"61":1,"62":1,"63":1,"64":1,"65":1,"66":1},"f":{"0":1,"1":1,"2":1,"3":1,"4":1,"5":1,"6":1,"7":1,"8":1,"9":1,"10":1,"11":1,"12":1,"13":1,"14":1,"15":1},"b":{},"_coverageSchema":"43e27e138ebf9cfc5966b082cf9a028302ed4184","hash":"0be2800e4d14d0c667e15e0ff7e0f4092104dd15","contentHash":"26304dac5eb47b174d84bbe2ef4df1a0"},"C:\\projects\\secval\\tests\\regexpTest.js":{"path":"C:\\projects\\secval\\tests\\regexpTest.js","statementMap":{"0":{"start":{"line":1,"column":13},"end":{"line":1,"column":28}},"1":{"start":{"line":2,"column":20},"end":{"line":2,"column":42}},"2":{"start":{"line":4,"column":0},"end":{"line":79,"column":3}},"3":{"start":{"line":6,"column":4},"end":{"line":25,"column":7}},"4":{"start":{"line":7,"column":18},"end":{"line":9,"column":9}},"5":{"start":{"line":10,"column":29},"end":{"line":12,"column":50}},"6":{"start":{"line":14,"column":8},"end":{"line":14,"column":36}},"7":{"start":{"line":15,"column":8},"end":{"line":15,"column":44}},"8":{"start":{"line":16,"column":8},"end":{"line":16,"column":50}},"9":{"start":{"line":18,"column":8},"end":{"line":20,"column":69}},"10":{"start":{"line":22,"column":8},"end":{"line":22,"column":36}},"11":{"start":{"line":23,"column":8},"end":{"line":23,"column":44}},"12":{"start":{"line":24,"column":8},"end":{"line":24,"column":50}},"13":{"start":{"line":27,"column":4},"end":{"line":37,"column":7}},"14":{"start":{"line":28,"column":18},"end":{"line":30,"column":9}},"15":{"start":{"line":31,"column":29},"end":{"line":33,"column":50}},"16":{"start":{"line":35,"column":8},"end":{"line":35,"column":40}},"17":{"start":{"line":36,"column":8},"end":{"line":36,"column":40}},"18":{"start":{"line":39,"column":4},"end":{"line":58,"column":7}},"19":{"start":{"line":40,"column":18},"end":{"line":42,"column":9}},"20":{"start":{"line":43,"column":29},"end":{"line":45,"column":65}},"21":{"start":{"line":47,"column":8},"end":{"line":47,"column":36}},"22":{"start":{"line":48,"column":8},"end":{"line":48,"column":44}},"23":{"start":{"line":49,"column":8},"end":{"line":49,"column":50}},"24":{"start":{"line":51,"column":8},"end":{"line":53,"column":66}},"25":{"start":{"line":55,"column":8},"end":{"line":55,"column":36}},"26":{"start":{"line":56,"column":8},"end":{"line":56,"column":44}},"27":{"start":{"line":57,"column":8},"end":{"line":57,"column":50}},"28":{"start":{"line":60,"column":4},"end":{"line":66,"column":7}},"29":{"start":{"line":61,"column":29},"end":{"line":62,"column":69}},"30":{"start":{"line":64,"column":8},"end":{"line":64,"column":40}},"31":{"start":{"line":65,"column":8},"end":{"line":65,"column":40}},"32":{"start":{"line":68,"column":1},"end":{"line":77,"column":4}},"33":{"start":{"line":69,"column":12},"end":{"line":71,"column":9}},"34":{"start":{"line":72,"column":29},"end":{"line":74,"column":62}},"35":{"start":{"line":76,"column":2},"end":{"line":76,"column":44}}},"fnMap":{"0":{"name":"(anonymous_0)","decl":{"start":{"line":4,"column":41},"end":{"line":4,"column":42}},"loc":{"start":{"line":4,"column":47},"end":{"line":79,"column":1}},"line":4},"1":{"name":"(anonymous_1)","decl":{"start":{"line":6,"column":29},"end":{"line":6,"column":30}},"loc":{"start":{"line":6,"column":35},"end":{"line":25,"column":5}},"line":6},"2":{"name":"(anonymous_2)","decl":{"start":{"line":27,"column":31},"end":{"line":27,"column":32}},"loc":{"start":{"line":27,"column":37},"end":{"line":37,"column":5}},"line":27},"3":{"name":"(anonymous_3)","decl":{"start":{"line":39,"column":53},"end":{"line":39,"column":54}},"loc":{"start":{"line":39,"column":59},"end":{"line":58,"column":5}},"line":39},"4":{"name":"(anonymous_4)","decl":{"start":{"line":60,"column":55},"end":{"line":60,"column":56}},"loc":{"start":{"line":60,"column":61},"end":{"line":66,"column":5}},"line":60},"5":{"name":"(anonymous_5)","decl":{"start":{"line":68,"column":44},"end":{"line":68,"column":45}},"loc":{"start":{"line":68,"column":50},"end":{"line":77,"column":2}},"line":68}},"branchMap":{},"s":{"0":1,"1":1,"2":1,"3":1,"4":1,"5":1,"6":1,"7":1,"8":1,"9":1,"10":1,"11":1,"12":1,"13":1,"14":1,"15":1,"16":1,"17":1,"18":1,"19":1,"20":1,"21":1,"22":1,"23":1,"24":1,"25":1,"26":1,"27":1,"28":1,"29":1,"30":1,"31":1,"32":1,"33":1,"34":1,"35":1},"f":{"0":1,"1":1,"2":1,"3":1,"4":1,"5":1},"b":{},"_coverageSchema":"43e27e138ebf9cfc5966b082cf9a028302ed4184","hash":"dbef2b8abf7a82b81e6c6bfbedc30e82d2c8de9e","contentHash":"a5681ce02c5516852fd9f38c5034cedb"},"C:\\projects\\secval\\tests\\stringTest.js":{"path":"C:\\projects\\secval\\tests\\stringTest.js","statementMap":{"0":{"start":{"line":1,"column":13},"end":{"line":1,"column":28}},"1":{"start":{"line":2,"column":17},"end":{"line":2,"column":39}},"2":{"start":{"line":4,"column":0},"end":{"line":144,"column":3}},"3":{"start":{"line":5,"column":1},"end":{"line":12,"column":4}},"4":{"start":{"line":7,"column":23},"end":{"line":8,"column":59}},"5":{"start":{"line":10,"column":2},"end":{"line":10,"column":48}},"6":{"start":{"line":14,"column":1},"end":{"line":21,"column":4}},"7":{"start":{"line":16,"column":23},"end":{"line":17,"column":49}},"8":{"start":{"line":19,"column":2},"end":{"line":19,"column":48}},"9":{"start":{"line":23,"column":1},"end":{"line":34,"column":4}},"10":{"start":{"line":25,"column":23},"end":{"line":26,"column":60}},"11":{"start":{"line":28,"column":2},"end":{"line":28,"column":34}},"12":{"start":{"line":30,"column":2},"end":{"line":31,"column":54}},"13":{"start":{"line":33,"column":2},"end":{"line":33,"column":30}},"14":{"start":{"line":36,"column":1},"end":{"line":47,"column":4}},"15":{"start":{"line":38,"column":23},"end":{"line":39,"column":59}},"16":{"start":{"line":41,"column":2},"end":{"line":41,"column":34}},"17":{"start":{"line":43,"column":2},"end":{"line":44,"column":60}},"18":{"start":{"line":46,"column":2},"end":{"line":46,"column":30}},"19":{"start":{"line":49,"column":1},"end":{"line":60,"column":4}},"20":{"start":{"line":51,"column":23},"end":{"line":52,"column":59}},"21":{"start":{"line":54,"column":2},"end":{"line":54,"column":30}},"22":{"start":{"line":56,"column":2},"end":{"line":57,"column":60}},"23":{"start":{"line":59,"column":2},"end":{"line":59,"column":34}},"24":{"start":{"line":62,"column":1},"end":{"line":74,"column":4}},"25":{"start":{"line":64,"column":23},"end":{"line":65,"column":61}},"26":{"start":{"line":67,"column":2},"end":{"line":67,"column":30}},"27":{"start":{"line":68,"column":2},"end":{"line":68,"column":48}},"28":{"start":{"line":70,"column":2},"end":{"line":71,"column":55}},"29":{"start":{"line":73,"column":2},"end":{"line":73,"column":41}},"30":{"start":{"line":76,"column":1},"end":{"line":88,"column":4}},"31":{"start":{"line":78,"column":23},"end":{"line":79,"column":66}},"32":{"start":{"line":81,"column":2},"end":{"line":81,"column":48}},"33":{"start":{"line":83,"column":2},"end":{"line":84,"column":68}},"34":{"start":{"line":86,"column":2},"end":{"line":86,"column":34}},"35":{"start":{"line":87,"column":2},"end":{"line":87,"column":34}},"36":{"start":{"line":90,"column":1},"end":{"line":102,"column":4}},"37":{"start":{"line":92,"column":23},"end":{"line":93,"column":67}},"38":{"start":{"line":95,"column":2},"end":{"line":95,"column":48}},"39":{"start":{"line":97,"column":2},"end":{"line":98,"column":67}},"40":{"start":{"line":100,"column":2},"end":{"line":100,"column":34}},"41":{"start":{"line":101,"column":2},"end":{"line":101,"column":34}},"42":{"start":{"line":104,"column":1},"end":{"line":116,"column":4}},"43":{"start":{"line":106,"column":23},"end":{"line":107,"column":74}},"44":{"start":{"line":109,"column":2},"end":{"line":109,"column":48}},"45":{"start":{"line":111,"column":2},"end":{"line":112,"column":74}},"46":{"start":{"line":114,"column":2},"end":{"line":114,"column":34}},"47":{"start":{"line":115,"column":2},"end":{"line":115,"column":34}},"48":{"start":{"line":118,"column":1},"end":{"line":129,"column":4}},"49":{"start":{"line":120,"column":23},"end":{"line":121,"column":68}},"50":{"start":{"line":123,"column":2},"end":{"line":123,"column":48}},"51":{"start":{"line":125,"column":2},"end":{"line":126,"column":64}},"52":{"start":{"line":128,"column":2},"end":{"line":128,"column":52}},"53":{"start":{"line":131,"column":1},"end":{"line":143,"column":4}},"54":{"start":{"line":132,"column":23},"end":{"line":133,"column":47}},"55":{"start":{"line":135,"column":2},"end":{"line":135,"column":34}},"56":{"start":{"line":137,"column":2},"end":{"line":138,"column":41}},"57":{"start":{"line":140,"column":2},"end":{"line":140,"column":30}},"58":{"start":{"line":141,"column":2},"end":{"line":141,"column":38}},"59":{"start":{"line":142,"column":2},"end":{"line":142,"column":41}}},"fnMap":{"0":{"name":"(anonymous_0)","decl":{"start":{"line":4,"column":40},"end":{"line":4,"column":41}},"loc":{"start":{"line":4,"column":46},"end":{"line":144,"column":1}},"line":4},"1":{"name":"(anonymous_1)","decl":{"start":{"line":5,"column":44},"end":{"line":5,"column":45}},"loc":{"start":{"line":5,"column":50},"end":{"line":12,"column":2}},"line":5},"2":{"name":"(anonymous_2)","decl":{"start":{"line":14,"column":44},"end":{"line":14,"column":45}},"loc":{"start":{"line":14,"column":50},"end":{"line":21,"column":2}},"line":14},"3":{"name":"(anonymous_3)","decl":{"start":{"line":23,"column":26},"end":{"line":23,"column":27}},"loc":{"start":{"line":23,"column":32},"end":{"line":34,"column":2}},"line":23},"4":{"name":"(anonymous_4)","decl":{"start":{"line":36,"column":30},"end":{"line":36,"column":31}},"loc":{"start":{"line":36,"column":36},"end":{"line":47,"column":2}},"line":36},"5":{"name":"(anonymous_5)","decl":{"start":{"line":49,"column":30},"end":{"line":49,"column":31}},"loc":{"start":{"line":49,"column":36},"end":{"line":60,"column":2}},"line":49},"6":{"name":"(anonymous_6)","decl":{"start":{"line":62,"column":44},"end":{"line":62,"column":45}},"loc":{"start":{"line":62,"column":50},"end":{"line":74,"column":2}},"line":62},"7":{"name":"(anonymous_7)","decl":{"start":{"line":76,"column":49},"end":{"line":76,"column":50}},"loc":{"start":{"line":76,"column":55},"end":{"line":88,"column":2}},"line":76},"8":{"name":"(anonymous_8)","decl":{"start":{"line":90,"column":49},"end":{"line":90,"column":50}},"loc":{"start":{"line":90,"column":55},"end":{"line":102,"column":2}},"line":90},"9":{"name":"(anonymous_9)","decl":{"start":{"line":104,"column":53},"end":{"line":104,"column":54}},"loc":{"start":{"line":104,"column":59},"end":{"line":116,"column":2}},"line":104},"10":{"name":"(anonymous_10)","decl":{"start":{"line":118,"column":50},"end":{"line":118,"column":51}},"loc":{"start":{"line":118,"column":56},"end":{"line":129,"column":2}},"line":118},"11":{"name":"(anonymous_11)","decl":{"start":{"line":131,"column":30},"end":{"line":131,"column":31}},"loc":{"start":{"line":131,"column":36},"end":{"line":143,"column":2}},"line":131}},"branchMap":{},"s":{"0":1,"1":1,"2":1,"3":1,"4":1,"5":1,"6":1,"7":1,"8":1,"9":1,"10":1,"11":1,"12":1,"13":1,"14":1,"15":1,"16":1,"17":1,"18":1,"19":1,"20":1,"21":1,"22":1,"23":1,"24":1,"25":1,"26":1,"27":1,"28":1,"29":1,"30":1,"31":1,"32":1,"33":1,"34":1,"35":1,"36":1,"37":1,"38":1,"39":1,"40":1,"41":1,"42":1,"43":1,"44":1,"45":1,"46":1,"47":1,"48":1,"49":1,"50":1,"51":1,"52":1,"53":1,"54":1,"55":1,"56":1,"57":1,"58":1,"59":1},"f":{"0":1,"1":1,"2":1,"3":1,"4":1,"5":1,"6":1,"7":1,"8":1,"9":1,"10":1,"11":1},"b":{},"_coverageSchema":"43e27e138ebf9cfc5966b082cf9a028302ed4184","hash":"ddd56d09fa587dac3a5f0d005dddcdc0b27aadeb","contentHash":"e398a713b633dacf1d0bbfb911404061"},"C:\\projects\\secval\\tests\\uuidTest.js":{"path":"C:\\projects\\secval\\tests\\uuidTest.js","statementMap":{"0":{"start":{"line":1,"column":14},"end":{"line":1,"column":33}},"1":{"start":{"line":2,"column":11},"end":{"line":2,"column":30}},"2":{"start":{"line":3,"column":11},"end":{"line":3,"column":30}},"3":{"start":{"line":4,"column":11},"end":{"line":4,"column":30}},"4":{"start":{"line":6,"column":13},"end":{"line":6,"column":28}},"5":{"start":{"line":7,"column":17},"end":{"line":7,"column":39}},"6":{"start":{"line":9,"column":0},"end":{"line":136,"column":3}},"7":{"start":{"line":11,"column":1},"end":{"line":17,"column":4}},"8":{"start":{"line":12,"column":10},"end":{"line":12,"column":17}},"9":{"start":{"line":13,"column":23},"end":{"line":14,"column":47}},"10":{"start":{"line":16,"column":2},"end":{"line":16,"column":34}},"11":{"start":{"line":19,"column":1},"end":{"line":30,"column":4}},"12":{"start":{"line":21,"column":2},"end":{"line":28,"column":3}},"13":{"start":{"line":22,"column":11},"end":{"line":22,"column":18}},"14":{"start":{"line":23,"column":24},"end":{"line":24,"column":40}},"15":{"start":{"line":26,"column":3},"end":{"line":26,"column":31}},"16":{"start":{"line":27,"column":3},"end":{"line":27,"column":38}},"17":{"start":{"line":32,"column":1},"end":{"line":41,"column":4}},"18":{"start":{"line":34,"column":10},"end":{"line":34,"column":17}},"19":{"start":{"line":35,"column":23},"end":{"line":36,"column":51}},"20":{"start":{"line":38,"column":2},"end":{"line":38,"column":30}},"21":{"start":{"line":39,"column":2},"end":{"line":39,"column":51}},"22":{"start":{"line":43,"column":1},"end":{"line":54,"column":4}},"23":{"start":{"line":45,"column":2},"end":{"line":52,"column":3}},"24":{"start":{"line":46,"column":11},"end":{"line":46,"column":18}},"25":{"start":{"line":47,"column":24},"end":{"line":48,"column":40}},"26":{"start":{"line":50,"column":3},"end":{"line":50,"column":31}},"27":{"start":{"line":51,"column":3},"end":{"line":51,"column":38}},"28":{"start":{"line":56,"column":1},"end":{"line":67,"column":4}},"29":{"start":{"line":58,"column":2},"end":{"line":65,"column":3}},"30":{"start":{"line":59,"column":11},"end":{"line":59,"column":46}},"31":{"start":{"line":60,"column":24},"end":{"line":61,"column":40}},"32":{"start":{"line":63,"column":3},"end":{"line":63,"column":31}},"33":{"start":{"line":64,"column":3},"end":{"line":64,"column":38}},"34":{"start":{"line":69,"column":1},"end":{"line":80,"column":4}},"35":{"start":{"line":71,"column":2},"end":{"line":78,"column":3}},"36":{"start":{"line":72,"column":11},"end":{"line":72,"column":54}},"37":{"start":{"line":73,"column":24},"end":{"line":74,"column":40}},"38":{"start":{"line":76,"column":3},"end":{"line":76,"column":31}},"39":{"start":{"line":77,"column":3},"end":{"line":77,"column":38}},"40":{"start":{"line":82,"column":1},"end":{"line":120,"column":4}},"41":{"start":{"line":84,"column":2},"end":{"line":91,"column":3}},"42":{"start":{"line":85,"column":11},"end":{"line":85,"column":54}},"43":{"start":{"line":86,"column":24},"end":{"line":87,"column":37}},"44":{"start":{"line":89,"column":3},"end":{"line":89,"column":31}},"45":{"start":{"line":90,"column":3},"end":{"line":90,"column":38}},"46":{"start":{"line":93,"column":2},"end":{"line":100,"column":3}},"47":{"start":{"line":94,"column":11},"end":{"line":94,"column":46}},"48":{"start":{"line":95,"column":24},"end":{"line":96,"column":37}},"49":{"start":{"line":98,"column":3},"end":{"line":98,"column":31}},"50":{"start":{"line":99,"column":3},"end":{"line":99,"column":38}},"51":{"start":{"line":102,"column":2},"end":{"line":109,"column":3}},"52":{"start":{"line":103,"column":11},"end":{"line":103,"column":18}},"53":{"start":{"line":104,"column":24},"end":{"line":105,"column":37}},"54":{"start":{"line":107,"column":3},"end":{"line":107,"column":31}},"55":{"start":{"line":108,"column":3},"end":{"line":108,"column":38}},"56":{"start":{"line":111,"column":2},"end":{"line":118,"column":3}},"57":{"start":{"line":112,"column":11},"end":{"line":112,"column":18}},"58":{"start":{"line":113,"column":24},"end":{"line":114,"column":37}},"59":{"start":{"line":116,"column":3},"end":{"line":116,"column":31}},"60":{"start":{"line":117,"column":3},"end":{"line":117,"column":38}},"61":{"start":{"line":122,"column":1},"end":{"line":134,"column":4}},"62":{"start":{"line":123,"column":23},"end":{"line":124,"column":41}},"63":{"start":{"line":126,"column":2},"end":{"line":126,"column":34}},"64":{"start":{"line":127,"column":2},"end":{"line":127,"column":19}},"65":{"start":{"line":129,"column":2},"end":{"line":130,"column":39}},"66":{"start":{"line":132,"column":2},"end":{"line":132,"column":34}},"67":{"start":{"line":133,"column":2},"end":{"line":133,"column":19}}},"fnMap":{"0":{"name":"(anonymous_0)","decl":{"start":{"line":9,"column":40},"end":{"line":9,"column":41}},"loc":{"start":{"line":9,"column":46},"end":{"line":136,"column":1}},"line":9},"1":{"name":"(anonymous_1)","decl":{"start":{"line":11,"column":49},"end":{"line":11,"column":50}},"loc":{"start":{"line":11,"column":55},"end":{"line":17,"column":2}},"line":11},"2":{"name":"(anonymous_2)","decl":{"start":{"line":19,"column":28},"end":{"line":19,"column":29}},"loc":{"start":{"line":19,"column":34},"end":{"line":30,"column":2}},"line":19},"3":{"name":"(anonymous_3)","decl":{"start":{"line":32,"column":44},"end":{"line":32,"column":45}},"loc":{"start":{"line":32,"column":50},"end":{"line":41,"column":2}},"line":32},"4":{"name":"(anonymous_4)","decl":{"start":{"line":43,"column":28},"end":{"line":43,"column":29}},"loc":{"start":{"line":43,"column":34},"end":{"line":54,"column":2}},"line":43},"5":{"name":"(anonymous_5)","decl":{"start":{"line":56,"column":28},"end":{"line":56,"column":29}},"loc":{"start":{"line":56,"column":34},"end":{"line":67,"column":2}},"line":56},"6":{"name":"(anonymous_6)","decl":{"start":{"line":69,"column":28},"end":{"line":69,"column":29}},"loc":{"start":{"line":69,"column":34},"end":{"line":80,"column":2}},"line":69},"7":{"name":"(anonymous_7)","decl":{"start":{"line":82,"column":29},"end":{"line":82,"column":30}},"loc":{"start":{"line":82,"column":35},"end":{"line":120,"column":2}},"line":82},"8":{"name":"(anonymous_8)","decl":{"start":{"line":122,"column":20},"end":{"line":122,"column":21}},"loc":{"start":{"line":122,"column":26},"end":{"line":134,"column":2}},"line":122}},"branchMap":{},"s":{"0":1,"1":1,"2":1,"3":1,"4":1,"5":1,"6":1,"7":1,"8":1,"9":1,"10":1,"11":1,"12":1,"13":100,"14":100,"15":100,"16":100,"17":1,"18":1,"19":1,"20":1,"21":1,"22":1,"23":1,"24":100,"25":100,"26":100,"27":100,"28":1,"29":1,"30":100,"31":100,"32":100,"33":100,"34":1,"35":1,"36":100,"37":100,"38":100,"39":100,"40":1,"41":1,"42":25,"43":25,"44":25,"45":25,"46":1,"47":25,"48":25,"49":25,"50":25,"51":1,"52":25,"53":25,"54":25,"55":25,"56":1,"57":25,"58":25,"59":25,"60":25,"61":1,"62":1,"63":1,"64":1,"65":1,"66":1,"67":1},"f":{"0":1,"1":1,"2":1,"3":1,"4":1,"5":1,"6":1,"7":1,"8":1},"b":{},"_coverageSchema":"43e27e138ebf9cfc5966b082cf9a028302ed4184","hash":"d16ce8b57571296416724bc0bf2eccaf366a5b1e","contentHash":"0088abfc9d38eaacc549531baaa9dfc1"}}